11-Dec-2020 08:34:50.316 INFORMACIÓN [main] org.apache.catalina.startup.VersionLoggerListener.log Nombre de la versión del servidor: Apache Tomcat/9.0.41
11-Dec-2020 08:34:50.319 INFORMACIÓN [main] org.apache.catalina.startup.VersionLoggerListener.log Server built:                      Dec 3 2020 11:43:00 UTC
11-Dec-2020 08:34:50.320 INFORMACIÓN [main] org.apache.catalina.startup.VersionLoggerListener.log Número de versión de servidor:     9.0.41.0
11-Dec-2020 08:34:50.320 INFORMACIÓN [main] org.apache.catalina.startup.VersionLoggerListener.log OS Name:                           Linux
11-Dec-2020 08:34:50.320 INFORMACIÓN [main] org.apache.catalina.startup.VersionLoggerListener.log Versión de Systema Operativo:      5.3.0-59-generic
11-Dec-2020 08:34:50.320 INFORMACIÓN [main] org.apache.catalina.startup.VersionLoggerListener.log Arquitectura:                      amd64
11-Dec-2020 08:34:50.320 INFORMACIÓN [main] org.apache.catalina.startup.VersionLoggerListener.log Java Home:                         /usr/lib/jvm/java-11-openjdk-amd64
11-Dec-2020 08:34:50.320 INFORMACIÓN [main] org.apache.catalina.startup.VersionLoggerListener.log JVM Version:                       11.0.7+10-post-Ubuntu-2ubuntu218.04
11-Dec-2020 08:34:50.320 INFORMACIÓN [main] org.apache.catalina.startup.VersionLoggerListener.log Vededor JVM:                       Ubuntu
11-Dec-2020 08:34:50.321 INFORMACIÓN [main] org.apache.catalina.startup.VersionLoggerListener.log CATALINA_BASE:                     /home/axegas/2damGeneral/NetBeans/apache-tomcat-9.0.41
11-Dec-2020 08:34:50.322 INFORMACIÓN [main] org.apache.catalina.startup.VersionLoggerListener.log CATALINA_HOME:                     /home/axegas/2damGeneral/NetBeans/apache-tomcat-9.0.41
11-Dec-2020 08:34:50.335 INFORMACIÓN [main] org.apache.catalina.startup.VersionLoggerListener.log Command line argument:             --add-opens=java.base/java.lang=ALL-UNNAMED
11-Dec-2020 08:34:50.335 INFORMACIÓN [main] org.apache.catalina.startup.VersionLoggerListener.log Command line argument:             --add-opens=java.base/java.io=ALL-UNNAMED
11-Dec-2020 08:34:50.336 INFORMACIÓN [main] org.apache.catalina.startup.VersionLoggerListener.log Command line argument:             --add-opens=java.rmi/sun.rmi.transport=ALL-UNNAMED
11-Dec-2020 08:34:50.336 INFORMACIÓN [main] org.apache.catalina.startup.VersionLoggerListener.log Command line argument:             -Djava.util.logging.config.file=/home/axegas/2damGeneral/NetBeans/apache-tomcat-9.0.41/conf/logging.properties
11-Dec-2020 08:34:50.336 INFORMACIÓN [main] org.apache.catalina.startup.VersionLoggerListener.log Command line argument:             -Djava.util.logging.manager=org.apache.juli.ClassLoaderLogManager
11-Dec-2020 08:34:50.337 INFORMACIÓN [main] org.apache.catalina.startup.VersionLoggerListener.log Command line argument:             -Dhttp.nonProxyHosts=localhost|127.0.0.1|PC15
11-Dec-2020 08:34:50.337 INFORMACIÓN [main] org.apache.catalina.startup.VersionLoggerListener.log Command line argument:             -Djdk.tls.ephemeralDHKeySize=2048
11-Dec-2020 08:34:50.337 INFORMACIÓN [main] org.apache.catalina.startup.VersionLoggerListener.log Command line argument:             -Djava.protocol.handler.pkgs=org.apache.catalina.webresources
11-Dec-2020 08:34:50.338 INFORMACIÓN [main] org.apache.catalina.startup.VersionLoggerListener.log Command line argument:             -Dorg.apache.catalina.security.SecurityListener.UMASK=0027
11-Dec-2020 08:34:50.338 INFORMACIÓN [main] org.apache.catalina.startup.VersionLoggerListener.log Command line argument:             -Dignore.endorsed.dirs=
11-Dec-2020 08:34:50.338 INFORMACIÓN [main] org.apache.catalina.startup.VersionLoggerListener.log Command line argument:             -Dcatalina.base=/home/axegas/2damGeneral/NetBeans/apache-tomcat-9.0.41
11-Dec-2020 08:34:50.338 INFORMACIÓN [main] org.apache.catalina.startup.VersionLoggerListener.log Command line argument:             -Dcatalina.home=/home/axegas/2damGeneral/NetBeans/apache-tomcat-9.0.41
11-Dec-2020 08:34:50.338 INFORMACIÓN [main] org.apache.catalina.startup.VersionLoggerListener.log Command line argument:             -Djava.io.tmpdir=/home/axegas/2damGeneral/NetBeans/apache-tomcat-9.0.41/temp
11-Dec-2020 08:34:50.349 INFORMACIÓN [main] org.apache.catalina.core.AprLifecycleListener.lifecycleEvent La biblioteca nativa de Apache Tomcat basada en ARP que permite un rendimiento óptimo en entornos de desarrollo no ha sido hallada en java.library.path: [/usr/java/packages/lib:/usr/lib/x86_64-linux-gnu/jni:/lib/x86_64-linux-gnu:/usr/lib/x86_64-linux-gnu:/usr/lib/jni:/lib:/usr/lib]
11-Dec-2020 08:34:50.704 INFORMACIÓN [main] org.apache.coyote.AbstractProtocol.init Inicializando el manejador de protocolo ["http-nio-8084"]

11-Dec-2020 08:34:50.746 INFORMACIÓN [main] org.apache.catalina.startup.Catalina.load Server initialization in [753] milliseconds
11-Dec-2020 08:34:50.814 INFORMACIÓN [main] org.apache.catalina.core.StandardService.startInternal Arrancando servicio [Catalina]
11-Dec-2020 08:34:50.814 INFORMACIÓN [main] org.apache.catalina.core.StandardEngine.startInternal Starting Servlet engine: [Apache Tomcat/9.0.41]
11-Dec-2020 08:34:50.828 INFORMACIÓN [main] org.apache.catalina.startup.HostConfig.deployDirectory Desplegando el directorio [/home/axegas/2damGeneral/NetBeans/apache-tomcat-9.0.41/webapps/ROOT] de la aplicación web
11-Dec-2020 08:34:51.073 INFORMACIÓN [main] org.apache.catalina.startup.HostConfig.deployDirectory Deployment of web application directory [/home/axegas/2damGeneral/NetBeans/apache-tomcat-9.0.41/webapps/ROOT] has finished in [244] ms
11-Dec-2020 08:34:51.073 INFORMACIÓN [main] org.apache.catalina.startup.HostConfig.deployDirectory Desplegando el directorio [/home/axegas/2damGeneral/NetBeans/apache-tomcat-9.0.41/webapps/manager] de la aplicación web
11-Dec-2020 08:34:51.099 INFORMACIÓN [main] org.apache.catalina.startup.HostConfig.deployDirectory Deployment of web application directory [/home/axegas/2damGeneral/NetBeans/apache-tomcat-9.0.41/webapps/manager] has finished in [26] ms
11-Dec-2020 08:34:51.099 INFORMACIÓN [main] org.apache.catalina.startup.HostConfig.deployDirectory Desplegando el directorio [/home/axegas/2damGeneral/NetBeans/apache-tomcat-9.0.41/webapps/host-manager] de la aplicación web
11-Dec-2020 08:34:51.114 INFORMACIÓN [main] org.apache.catalina.startup.HostConfig.deployDirectory Deployment of web application directory [/home/axegas/2damGeneral/NetBeans/apache-tomcat-9.0.41/webapps/host-manager] has finished in [15] ms
11-Dec-2020 08:34:51.114 INFORMACIÓN [main] org.apache.catalina.startup.HostConfig.deployDirectory Desplegando el directorio [/home/axegas/2damGeneral/NetBeans/apache-tomcat-9.0.41/webapps/docs] de la aplicación web
11-Dec-2020 08:34:51.133 INFORMACIÓN [main] org.apache.catalina.startup.HostConfig.deployDirectory Deployment of web application directory [/home/axegas/2damGeneral/NetBeans/apache-tomcat-9.0.41/webapps/docs] has finished in [19] ms
11-Dec-2020 08:34:51.133 INFORMACIÓN [main] org.apache.catalina.startup.HostConfig.deployDirectory Desplegando el directorio [/home/axegas/2damGeneral/NetBeans/apache-tomcat-9.0.41/webapps/examples] de la aplicación web
11-Dec-2020 08:34:51.331 INFORMACIÓN [main] org.apache.catalina.startup.HostConfig.deployDirectory Deployment of web application directory [/home/axegas/2damGeneral/NetBeans/apache-tomcat-9.0.41/webapps/examples] has finished in [198] ms
11-Dec-2020 08:34:51.336 INFORMACIÓN [main] org.apache.coyote.AbstractProtocol.start Starting ProtocolHandler ["http-nio-8084"]
11-Dec-2020 08:34:51.346 INFORMACIÓN [main] org.apache.catalina.startup.Catalina.start Server startup in [600] milliseconds
11-Dec-2020 08:35:00.773 INFORMACIÓN [http-nio-8084-exec-9] org.apache.catalina.startup.HostConfig.deployDescriptor Desplieque del descriptor de configuración [/home/axegas/2damGeneral/NetBeans/apache-tomcat-9.0.41/conf/Catalina/localhost/AgendaWebJPA.xml]
11-Dec-2020 08:35:00.787 ADVERTENCIA [http-nio-8084-exec-9] org.apache.catalina.startup.HostConfig.deployDescriptor The path attribute with value [/AgendaWebJPA] in deployment descriptor [/home/axegas/2damGeneral/NetBeans/apache-tomcat-9.0.41/conf/Catalina/localhost/AgendaWebJPA.xml] has been ignored
11-Dec-2020 08:35:00.860 INFORMACIÓN [http-nio-8084-exec-9] org.apache.catalina.startup.HostConfig.deployDescriptor Deployment of deployment descriptor [/home/axegas/2damGeneral/NetBeans/apache-tomcat-9.0.41/conf/Catalina/localhost/AgendaWebJPA.xml] has finished in [87] ms
11-Dec-2020 08:35:00.867 INFORMACIÓN [http-nio-8084-exec-10] org.apache.catalina.util.LifecycleBase.start The start() method was called on component [StandardEngine[Catalina].StandardHost[localhost].StandardContext[/AgendaWebJPA]] after start() had already been called. The second call will be ignored.
11-Dec-2020 08:51:59.328 INFORMACIÓN [http-nio-8084-exec-9] org.apache.catalina.startup.HostConfig.undeploy Repliegue (undeploy) de la aplicación web que tiene como trayectoria de contexto [/AgendaWebJPA]
11-Dec-2020 08:53:55.218 INFORMACIÓN [http-nio-8084-exec-3] org.apache.catalina.startup.HostConfig.deployDescriptor Desplieque del descriptor de configuración [/home/axegas/2damGeneral/NetBeans/apache-tomcat-9.0.41/conf/Catalina/localhost/AgendaWebJPA.xml]
11-Dec-2020 08:53:55.219 ADVERTENCIA [http-nio-8084-exec-3] org.apache.catalina.startup.HostConfig.deployDescriptor The path attribute with value [/AgendaWebJPA] in deployment descriptor [/home/axegas/2damGeneral/NetBeans/apache-tomcat-9.0.41/conf/Catalina/localhost/AgendaWebJPA.xml] has been ignored
11-Dec-2020 08:53:56.037 INFORMACIÓN [http-nio-8084-exec-3] org.apache.jasper.servlet.TldScanner.scanJars Al menos un JAR, que se ha explorado buscando TLDs, aún no contenía TLDs. Activar historial de depuración para este historiador para una completa lista de los JARs que fueron explorados y de los que nos se halló TLDs. Saltarse JARs no necesarios durante la exploración puede dar lugar a una mejora de tiempo significativa en el arranque y compilación de JSP .
11-Dec-2020 08:53:56.039 INFORMACIÓN [http-nio-8084-exec-3] org.apache.catalina.startup.HostConfig.deployDescriptor Deployment of deployment descriptor [/home/axegas/2damGeneral/NetBeans/apache-tomcat-9.0.41/conf/Catalina/localhost/AgendaWebJPA.xml] has finished in [822] ms
11-Dec-2020 08:53:56.044 INFORMACIÓN [http-nio-8084-exec-16] org.apache.catalina.util.LifecycleBase.start The start() method was called on component [StandardEngine[Catalina].StandardHost[localhost].StandardContext[/AgendaWebJPA]] after start() had already been called. The second call will be ignored.
11-Dec-2020 08:56:29.956 INFORMACIÓN [http-nio-8084-exec-11] org.apache.catalina.core.StandardContext.reload Ha comenzado la recarga de Contexto [/AgendaWebJPA]
11-Dec-2020 08:56:30.489 INFORMACIÓN [http-nio-8084-exec-11] org.apache.jasper.servlet.TldScanner.scanJars Al menos un JAR, que se ha explorado buscando TLDs, aún no contenía TLDs. Activar historial de depuración para este historiador para una completa lista de los JARs que fueron explorados y de los que nos se halló TLDs. Saltarse JARs no necesarios durante la exploración puede dar lugar a una mejora de tiempo significativa en el arranque y compilación de JSP .
11-Dec-2020 08:56:30.491 INFORMACIÓN [http-nio-8084-exec-11] org.apache.catalina.core.StandardContext.reload Se ha completado la recarga de este Contexto
11-Dec-2020 08:56:32.903 INFORMACIÓN [http-nio-8084-exec-20] org.apache.catalina.core.StandardContext.reload Ha comenzado la recarga de Contexto [/AgendaWebJPA]
11-Dec-2020 08:56:33.427 INFORMACIÓN [http-nio-8084-exec-20] org.apache.jasper.servlet.TldScanner.scanJars Al menos un JAR, que se ha explorado buscando TLDs, aún no contenía TLDs. Activar historial de depuración para este historiador para una completa lista de los JARs que fueron explorados y de los que nos se halló TLDs. Saltarse JARs no necesarios durante la exploración puede dar lugar a una mejora de tiempo significativa en el arranque y compilación de JSP .
11-Dec-2020 08:56:33.428 INFORMACIÓN [http-nio-8084-exec-20] org.apache.catalina.core.StandardContext.reload Se ha completado la recarga de este Contexto
11-Dec-2020 08:56:37.813 INFORMACIÓN [http-nio-8084-exec-12] org.apache.catalina.core.StandardContext.reload Ha comenzado la recarga de Contexto [/AgendaWebJPA]
11-Dec-2020 08:56:38.337 INFORMACIÓN [http-nio-8084-exec-12] org.apache.jasper.servlet.TldScanner.scanJars Al menos un JAR, que se ha explorado buscando TLDs, aún no contenía TLDs. Activar historial de depuración para este historiador para una completa lista de los JARs que fueron explorados y de los que nos se halló TLDs. Saltarse JARs no necesarios durante la exploración puede dar lugar a una mejora de tiempo significativa en el arranque y compilación de JSP .
11-Dec-2020 08:56:38.339 INFORMACIÓN [http-nio-8084-exec-12] org.apache.catalina.core.StandardContext.reload Se ha completado la recarga de este Contexto
11-Dec-2020 08:56:38.695 INFORMACIÓN [http-nio-8084-exec-14] org.apache.catalina.core.StandardContext.reload Ha comenzado la recarga de Contexto [/AgendaWebJPA]
11-Dec-2020 08:56:39.243 INFORMACIÓN [http-nio-8084-exec-14] org.apache.jasper.servlet.TldScanner.scanJars Al menos un JAR, que se ha explorado buscando TLDs, aún no contenía TLDs. Activar historial de depuración para este historiador para una completa lista de los JARs que fueron explorados y de los que nos se halló TLDs. Saltarse JARs no necesarios durante la exploración puede dar lugar a una mejora de tiempo significativa en el arranque y compilación de JSP .
11-Dec-2020 08:56:39.244 INFORMACIÓN [http-nio-8084-exec-14] org.apache.catalina.core.StandardContext.reload Se ha completado la recarga de este Contexto
11-Dec-2020 08:58:17.288 INFORMACIÓN [http-nio-8084-exec-17] org.apache.catalina.core.StandardContext.reload Ha comenzado la recarga de Contexto [/AgendaWebJPA]
11-Dec-2020 08:58:17.913 INFORMACIÓN [http-nio-8084-exec-17] org.apache.jasper.servlet.TldScanner.scanJars Al menos un JAR, que se ha explorado buscando TLDs, aún no contenía TLDs. Activar historial de depuración para este historiador para una completa lista de los JARs que fueron explorados y de los que nos se halló TLDs. Saltarse JARs no necesarios durante la exploración puede dar lugar a una mejora de tiempo significativa en el arranque y compilación de JSP .
11-Dec-2020 08:58:17.915 INFORMACIÓN [http-nio-8084-exec-17] org.apache.catalina.core.StandardContext.reload Se ha completado la recarga de este Contexto
11-Dec-2020 08:58:22.968 INFORMACIÓN [http-nio-8084-exec-18] org.apache.catalina.core.StandardContext.reload Ha comenzado la recarga de Contexto [/AgendaWebJPA]
11-Dec-2020 08:58:23.494 INFORMACIÓN [http-nio-8084-exec-18] org.apache.jasper.servlet.TldScanner.scanJars Al menos un JAR, que se ha explorado buscando TLDs, aún no contenía TLDs. Activar historial de depuración para este historiador para una completa lista de los JARs que fueron explorados y de los que nos se halló TLDs. Saltarse JARs no necesarios durante la exploración puede dar lugar a una mejora de tiempo significativa en el arranque y compilación de JSP .
11-Dec-2020 08:58:23.496 INFORMACIÓN [http-nio-8084-exec-18] org.apache.catalina.core.StandardContext.reload Se ha completado la recarga de este Contexto
11-Dec-2020 08:58:48.322 INFORMACIÓN [http-nio-8084-exec-20] org.apache.catalina.core.StandardContext.reload Ha comenzado la recarga de Contexto [/AgendaWebJPA]
11-Dec-2020 08:58:48.775 INFORMACIÓN [http-nio-8084-exec-20] org.apache.jasper.servlet.TldScanner.scanJars Al menos un JAR, que se ha explorado buscando TLDs, aún no contenía TLDs. Activar historial de depuración para este historiador para una completa lista de los JARs que fueron explorados y de los que nos se halló TLDs. Saltarse JARs no necesarios durante la exploración puede dar lugar a una mejora de tiempo significativa en el arranque y compilación de JSP .
11-Dec-2020 08:58:48.776 INFORMACIÓN [http-nio-8084-exec-20] org.apache.catalina.core.StandardContext.reload Se ha completado la recarga de este Contexto
11-Dec-2020 09:01:19.834 INFORMACIÓN [http-nio-8084-exec-28] org.apache.catalina.core.StandardContext.reload Ha comenzado la recarga de Contexto [/AgendaWebJPA]
11-Dec-2020 09:01:20.345 INFORMACIÓN [http-nio-8084-exec-28] org.apache.jasper.servlet.TldScanner.scanJars Al menos un JAR, que se ha explorado buscando TLDs, aún no contenía TLDs. Activar historial de depuración para este historiador para una completa lista de los JARs que fueron explorados y de los que nos se halló TLDs. Saltarse JARs no necesarios durante la exploración puede dar lugar a una mejora de tiempo significativa en el arranque y compilación de JSP .
11-Dec-2020 09:01:20.346 INFORMACIÓN [http-nio-8084-exec-28] org.apache.catalina.core.StandardContext.reload Se ha completado la recarga de este Contexto
11-Dec-2020 09:01:48.413 INFORMACIÓN [http-nio-8084-exec-31] org.apache.catalina.core.StandardContext.reload Ha comenzado la recarga de Contexto [/AgendaWebJPA]
11-Dec-2020 09:01:48.975 INFORMACIÓN [http-nio-8084-exec-31] org.apache.jasper.servlet.TldScanner.scanJars Al menos un JAR, que se ha explorado buscando TLDs, aún no contenía TLDs. Activar historial de depuración para este historiador para una completa lista de los JARs que fueron explorados y de los que nos se halló TLDs. Saltarse JARs no necesarios durante la exploración puede dar lugar a una mejora de tiempo significativa en el arranque y compilación de JSP .
11-Dec-2020 09:01:48.977 INFORMACIÓN [http-nio-8084-exec-31] org.apache.catalina.core.StandardContext.reload Se ha completado la recarga de este Contexto
11-Dec-2020 09:01:49.919 INFORMACIÓN [http-nio-8084-exec-13] org.apache.catalina.core.StandardContext.reload Ha comenzado la recarga de Contexto [/AgendaWebJPA]
11-Dec-2020 09:01:50.404 INFORMACIÓN [http-nio-8084-exec-13] org.apache.jasper.servlet.TldScanner.scanJars Al menos un JAR, que se ha explorado buscando TLDs, aún no contenía TLDs. Activar historial de depuración para este historiador para una completa lista de los JARs que fueron explorados y de los que nos se halló TLDs. Saltarse JARs no necesarios durante la exploración puede dar lugar a una mejora de tiempo significativa en el arranque y compilación de JSP .
11-Dec-2020 09:01:50.406 INFORMACIÓN [http-nio-8084-exec-13] org.apache.catalina.core.StandardContext.reload Se ha completado la recarga de este Contexto
11-Dec-2020 09:06:11.271 INFORMACIÓN [http-nio-8084-exec-38] org.apache.catalina.core.StandardContext.reload Ha comenzado la recarga de Contexto [/AgendaWebJPA]
11-Dec-2020 09:06:11.779 INFORMACIÓN [http-nio-8084-exec-38] org.apache.jasper.servlet.TldScanner.scanJars Al menos un JAR, que se ha explorado buscando TLDs, aún no contenía TLDs. Activar historial de depuración para este historiador para una completa lista de los JARs que fueron explorados y de los que nos se halló TLDs. Saltarse JARs no necesarios durante la exploración puede dar lugar a una mejora de tiempo significativa en el arranque y compilación de JSP .
11-Dec-2020 09:06:11.780 INFORMACIÓN [http-nio-8084-exec-38] org.apache.catalina.core.StandardContext.reload Se ha completado la recarga de este Contexto
11-Dec-2020 09:06:25.856 INFORMACIÓN [http-nio-8084-exec-36] org.apache.catalina.core.StandardContext.reload Ha comenzado la recarga de Contexto [/AgendaWebJPA]
11-Dec-2020 09:06:26.404 INFORMACIÓN [http-nio-8084-exec-36] org.apache.jasper.servlet.TldScanner.scanJars Al menos un JAR, que se ha explorado buscando TLDs, aún no contenía TLDs. Activar historial de depuración para este historiador para una completa lista de los JARs que fueron explorados y de los que nos se halló TLDs. Saltarse JARs no necesarios durante la exploración puede dar lugar a una mejora de tiempo significativa en el arranque y compilación de JSP .
11-Dec-2020 09:06:26.405 INFORMACIÓN [http-nio-8084-exec-36] org.apache.catalina.core.StandardContext.reload Se ha completado la recarga de este Contexto
11-Dec-2020 09:10:51.645 INFORMACIÓN [http-nio-8084-exec-40] org.apache.catalina.core.StandardContext.reload Ha comenzado la recarga de Contexto [/AgendaWebJPA]
11-Dec-2020 09:10:52.111 INFORMACIÓN [http-nio-8084-exec-40] org.apache.jasper.servlet.TldScanner.scanJars Al menos un JAR, que se ha explorado buscando TLDs, aún no contenía TLDs. Activar historial de depuración para este historiador para una completa lista de los JARs que fueron explorados y de los que nos se halló TLDs. Saltarse JARs no necesarios durante la exploración puede dar lugar a una mejora de tiempo significativa en el arranque y compilación de JSP .
11-Dec-2020 09:10:52.113 INFORMACIÓN [http-nio-8084-exec-40] org.apache.catalina.core.StandardContext.reload Se ha completado la recarga de este Contexto
11-Dec-2020 09:10:53.241 INFORMACIÓN [http-nio-8084-exec-41] org.apache.catalina.core.StandardContext.reload Ha comenzado la recarga de Contexto [/AgendaWebJPA]
11-Dec-2020 09:10:53.712 INFORMACIÓN [http-nio-8084-exec-41] org.apache.jasper.servlet.TldScanner.scanJars Al menos un JAR, que se ha explorado buscando TLDs, aún no contenía TLDs. Activar historial de depuración para este historiador para una completa lista de los JARs que fueron explorados y de los que nos se halló TLDs. Saltarse JARs no necesarios durante la exploración puede dar lugar a una mejora de tiempo significativa en el arranque y compilación de JSP .
11-Dec-2020 09:10:53.714 INFORMACIÓN [http-nio-8084-exec-41] org.apache.catalina.core.StandardContext.reload Se ha completado la recarga de este Contexto
11-Dec-2020 09:10:58.520 INFORMACIÓN [http-nio-8084-exec-44] org.apache.catalina.core.StandardContext.reload Ha comenzado la recarga de Contexto [/AgendaWebJPA]
11-Dec-2020 09:10:58.989 INFORMACIÓN [http-nio-8084-exec-44] org.apache.jasper.servlet.TldScanner.scanJars Al menos un JAR, que se ha explorado buscando TLDs, aún no contenía TLDs. Activar historial de depuración para este historiador para una completa lista de los JARs que fueron explorados y de los que nos se halló TLDs. Saltarse JARs no necesarios durante la exploración puede dar lugar a una mejora de tiempo significativa en el arranque y compilación de JSP .
11-Dec-2020 09:10:58.990 INFORMACIÓN [http-nio-8084-exec-44] org.apache.catalina.core.StandardContext.reload Se ha completado la recarga de este Contexto
11-Dec-2020 09:12:50.669 INFORMACIÓN [http-nio-8084-exec-51] org.apache.catalina.core.StandardContext.reload Ha comenzado la recarga de Contexto [/AgendaWebJPA]
11-Dec-2020 09:12:51.135 INFORMACIÓN [http-nio-8084-exec-51] org.apache.jasper.servlet.TldScanner.scanJars Al menos un JAR, que se ha explorado buscando TLDs, aún no contenía TLDs. Activar historial de depuración para este historiador para una completa lista de los JARs que fueron explorados y de los que nos se halló TLDs. Saltarse JARs no necesarios durante la exploración puede dar lugar a una mejora de tiempo significativa en el arranque y compilación de JSP .
11-Dec-2020 09:12:51.136 INFORMACIÓN [http-nio-8084-exec-51] org.apache.catalina.core.StandardContext.reload Se ha completado la recarga de este Contexto
11-Dec-2020 09:14:44.200 INFORMACIÓN [http-nio-8084-exec-51] org.apache.catalina.startup.HostConfig.undeploy Repliegue (undeploy) de la aplicación web que tiene como trayectoria de contexto [/AgendaWebJPA]
11-Dec-2020 09:24:58.656 INFORMACIÓN [main] org.apache.catalina.core.StandardServer.await Se ha recibido un comando de apagado a través del puerto de apagado. Parando la instancia del Servidor.
11-Dec-2020 09:24:58.656 INFORMACIÓN [main] org.apache.coyote.AbstractProtocol.pause Pausing ProtocolHandler ["http-nio-8084"]
11-Dec-2020 09:24:58.663 INFORMACIÓN [main] org.apache.catalina.core.StandardService.stopInternal Parando servicio [Catalina]
11-Dec-2020 09:24:58.673 INFORMACIÓN [main] org.apache.coyote.AbstractProtocol.stop Stopping ProtocolHandler ["http-nio-8084"]
11-Dec-2020 09:24:58.710 INFORMACIÓN [main] org.apache.coyote.AbstractProtocol.destroy Destroying ProtocolHandler ["http-nio-8084"]
11-Dec-2020 09:27:45.596 INFORMACIÓN [main] org.apache.catalina.startup.VersionLoggerListener.log Nombre de la versión del servidor: Apache Tomcat/9.0.41
11-Dec-2020 09:27:45.604 INFORMACIÓN [main] org.apache.catalina.startup.VersionLoggerListener.log Server built:                      Dec 3 2020 11:43:00 UTC
11-Dec-2020 09:27:45.604 INFORMACIÓN [main] org.apache.catalina.startup.VersionLoggerListener.log Número de versión de servidor:     9.0.41.0
11-Dec-2020 09:27:45.605 INFORMACIÓN [main] org.apache.catalina.startup.VersionLoggerListener.log OS Name:                           Linux
11-Dec-2020 09:27:45.605 INFORMACIÓN [main] org.apache.catalina.startup.VersionLoggerListener.log Versión de Systema Operativo:      5.3.0-59-generic
11-Dec-2020 09:27:45.605 INFORMACIÓN [main] org.apache.catalina.startup.VersionLoggerListener.log Arquitectura:                      amd64
11-Dec-2020 09:27:45.605 INFORMACIÓN [main] org.apache.catalina.startup.VersionLoggerListener.log Java Home:                         /usr/lib/jvm/java-11-openjdk-amd64
11-Dec-2020 09:27:45.605 INFORMACIÓN [main] org.apache.catalina.startup.VersionLoggerListener.log JVM Version:                       11.0.7+10-post-Ubuntu-2ubuntu218.04
11-Dec-2020 09:27:45.605 INFORMACIÓN [main] org.apache.catalina.startup.VersionLoggerListener.log Vededor JVM:                       Ubuntu
11-Dec-2020 09:27:45.605 INFORMACIÓN [main] org.apache.catalina.startup.VersionLoggerListener.log CATALINA_BASE:                     /home/axegas/2damGeneral/NetBeans/apache-tomcat-9.0.41
11-Dec-2020 09:27:45.605 INFORMACIÓN [main] org.apache.catalina.startup.VersionLoggerListener.log CATALINA_HOME:                     /home/axegas/2damGeneral/NetBeans/apache-tomcat-9.0.41
11-Dec-2020 09:27:45.624 INFORMACIÓN [main] org.apache.catalina.startup.VersionLoggerListener.log Command line argument:             --add-opens=java.base/java.lang=ALL-UNNAMED
11-Dec-2020 09:27:45.624 INFORMACIÓN [main] org.apache.catalina.startup.VersionLoggerListener.log Command line argument:             --add-opens=java.base/java.io=ALL-UNNAMED
11-Dec-2020 09:27:45.624 INFORMACIÓN [main] org.apache.catalina.startup.VersionLoggerListener.log Command line argument:             --add-opens=java.rmi/sun.rmi.transport=ALL-UNNAMED
11-Dec-2020 09:27:45.625 INFORMACIÓN [main] org.apache.catalina.startup.VersionLoggerListener.log Command line argument:             -Djava.util.logging.config.file=/home/axegas/2damGeneral/NetBeans/apache-tomcat-9.0.41/conf/logging.properties
11-Dec-2020 09:27:45.625 INFORMACIÓN [main] org.apache.catalina.startup.VersionLoggerListener.log Command line argument:             -Djava.util.logging.manager=org.apache.juli.ClassLoaderLogManager
11-Dec-2020 09:27:45.625 INFORMACIÓN [main] org.apache.catalina.startup.VersionLoggerListener.log Command line argument:             -Dhttp.nonProxyHosts=localhost|127.0.0.1|PC15
11-Dec-2020 09:27:45.625 INFORMACIÓN [main] org.apache.catalina.startup.VersionLoggerListener.log Command line argument:             -Djdk.tls.ephemeralDHKeySize=2048
11-Dec-2020 09:27:45.625 INFORMACIÓN [main] org.apache.catalina.startup.VersionLoggerListener.log Command line argument:             -Djava.protocol.handler.pkgs=org.apache.catalina.webresources
11-Dec-2020 09:27:45.625 INFORMACIÓN [main] org.apache.catalina.startup.VersionLoggerListener.log Command line argument:             -Dorg.apache.catalina.security.SecurityListener.UMASK=0027
11-Dec-2020 09:27:45.625 INFORMACIÓN [main] org.apache.catalina.startup.VersionLoggerListener.log Command line argument:             -Dignore.endorsed.dirs=
11-Dec-2020 09:27:45.626 INFORMACIÓN [main] org.apache.catalina.startup.VersionLoggerListener.log Command line argument:             -Dcatalina.base=/home/axegas/2damGeneral/NetBeans/apache-tomcat-9.0.41
11-Dec-2020 09:27:45.626 INFORMACIÓN [main] org.apache.catalina.startup.VersionLoggerListener.log Command line argument:             -Dcatalina.home=/home/axegas/2damGeneral/NetBeans/apache-tomcat-9.0.41
11-Dec-2020 09:27:45.626 INFORMACIÓN [main] org.apache.catalina.startup.VersionLoggerListener.log Command line argument:             -Djava.io.tmpdir=/home/axegas/2damGeneral/NetBeans/apache-tomcat-9.0.41/temp
11-Dec-2020 09:27:45.634 INFORMACIÓN [main] org.apache.catalina.core.AprLifecycleListener.lifecycleEvent La biblioteca nativa de Apache Tomcat basada en ARP que permite un rendimiento óptimo en entornos de desarrollo no ha sido hallada en java.library.path: [/usr/java/packages/lib:/usr/lib/x86_64-linux-gnu/jni:/lib/x86_64-linux-gnu:/usr/lib/x86_64-linux-gnu:/usr/lib/jni:/lib:/usr/lib]
11-Dec-2020 09:27:46.159 INFORMACIÓN [main] org.apache.coyote.AbstractProtocol.init Inicializando el manejador de protocolo ["http-nio-8084"]

11-Dec-2020 09:27:46.199 INFORMACIÓN [main] org.apache.catalina.startup.Catalina.load Server initialization in [1201] milliseconds
11-Dec-2020 09:27:46.376 INFORMACIÓN [main] org.apache.catalina.core.StandardService.startInternal Arrancando servicio [Catalina]
11-Dec-2020 09:27:46.376 INFORMACIÓN [main] org.apache.catalina.core.StandardEngine.startInternal Starting Servlet engine: [Apache Tomcat/9.0.41]
11-Dec-2020 09:27:46.382 INFORMACIÓN [main] org.apache.catalina.startup.HostConfig.deployDirectory Desplegando el directorio [/home/axegas/2damGeneral/NetBeans/apache-tomcat-9.0.41/webapps/ROOT] de la aplicación web
11-Dec-2020 09:27:46.634 INFORMACIÓN [main] org.apache.catalina.startup.HostConfig.deployDirectory Deployment of web application directory [/home/axegas/2damGeneral/NetBeans/apache-tomcat-9.0.41/webapps/ROOT] has finished in [251] ms
11-Dec-2020 09:27:46.635 INFORMACIÓN [main] org.apache.catalina.startup.HostConfig.deployDirectory Desplegando el directorio [/home/axegas/2damGeneral/NetBeans/apache-tomcat-9.0.41/webapps/manager] de la aplicación web
11-Dec-2020 09:27:46.685 INFORMACIÓN [main] org.apache.catalina.startup.HostConfig.deployDirectory Deployment of web application directory [/home/axegas/2damGeneral/NetBeans/apache-tomcat-9.0.41/webapps/manager] has finished in [49] ms
11-Dec-2020 09:27:46.685 INFORMACIÓN [main] org.apache.catalina.startup.HostConfig.deployDirectory Desplegando el directorio [/home/axegas/2damGeneral/NetBeans/apache-tomcat-9.0.41/webapps/host-manager] de la aplicación web
11-Dec-2020 09:27:46.714 INFORMACIÓN [main] org.apache.catalina.startup.HostConfig.deployDirectory Deployment of web application directory [/home/axegas/2damGeneral/NetBeans/apache-tomcat-9.0.41/webapps/host-manager] has finished in [28] ms
11-Dec-2020 09:27:46.714 INFORMACIÓN [main] org.apache.catalina.startup.HostConfig.deployDirectory Desplegando el directorio [/home/axegas/2damGeneral/NetBeans/apache-tomcat-9.0.41/webapps/docs] de la aplicación web
11-Dec-2020 09:27:46.735 INFORMACIÓN [main] org.apache.catalina.startup.HostConfig.deployDirectory Deployment of web application directory [/home/axegas/2damGeneral/NetBeans/apache-tomcat-9.0.41/webapps/docs] has finished in [20] ms
11-Dec-2020 09:27:46.735 INFORMACIÓN [main] org.apache.catalina.startup.HostConfig.deployDirectory Desplegando el directorio [/home/axegas/2damGeneral/NetBeans/apache-tomcat-9.0.41/webapps/examples] de la aplicación web
11-Dec-2020 09:27:47.086 INFORMACIÓN [main] org.apache.catalina.startup.HostConfig.deployDirectory Deployment of web application directory [/home/axegas/2damGeneral/NetBeans/apache-tomcat-9.0.41/webapps/examples] has finished in [351] ms
11-Dec-2020 09:27:47.094 INFORMACIÓN [main] org.apache.coyote.AbstractProtocol.start Starting ProtocolHandler ["http-nio-8084"]
11-Dec-2020 09:27:47.120 INFORMACIÓN [main] org.apache.catalina.startup.Catalina.start Server startup in [920] milliseconds
11-Dec-2020 09:27:52.919 INFORMACIÓN [http-nio-8084-exec-8] org.apache.catalina.startup.HostConfig.deployDescriptor Desplieque del descriptor de configuración [/home/axegas/2damGeneral/NetBeans/apache-tomcat-9.0.41/conf/Catalina/localhost/AgendaWebJPA.xml]
11-Dec-2020 09:27:52.920 ADVERTENCIA [http-nio-8084-exec-8] org.apache.catalina.startup.HostConfig.deployDescriptor The path attribute with value [/AgendaWebJPA] in deployment descriptor [/home/axegas/2damGeneral/NetBeans/apache-tomcat-9.0.41/conf/Catalina/localhost/AgendaWebJPA.xml] has been ignored
11-Dec-2020 09:27:53.681 INFORMACIÓN [http-nio-8084-exec-8] org.apache.jasper.servlet.TldScanner.scanJars Al menos un JAR, que se ha explorado buscando TLDs, aún no contenía TLDs. Activar historial de depuración para este historiador para una completa lista de los JARs que fueron explorados y de los que nos se halló TLDs. Saltarse JARs no necesarios durante la exploración puede dar lugar a una mejora de tiempo significativa en el arranque y compilación de JSP .
11-Dec-2020 09:27:53.688 INFORMACIÓN [http-nio-8084-exec-8] org.apache.catalina.startup.HostConfig.deployDescriptor Deployment of deployment descriptor [/home/axegas/2damGeneral/NetBeans/apache-tomcat-9.0.41/conf/Catalina/localhost/AgendaWebJPA.xml] has finished in [768] ms
11-Dec-2020 09:27:53.692 INFORMACIÓN [http-nio-8084-exec-9] org.apache.catalina.util.LifecycleBase.start The start() method was called on component [StandardEngine[Catalina].StandardHost[localhost].StandardContext[/AgendaWebJPA]] after start() had already been called. The second call will be ignored.
11-Dec-2020 09:28:52.182 INFORMACIÓN [http-nio-8084-exec-6] org.apache.catalina.core.StandardContext.reload Ha comenzado la recarga de Contexto [/AgendaWebJPA]
11-Dec-2020 09:28:52.877 INFORMACIÓN [http-nio-8084-exec-6] org.apache.jasper.servlet.TldScanner.scanJars Al menos un JAR, que se ha explorado buscando TLDs, aún no contenía TLDs. Activar historial de depuración para este historiador para una completa lista de los JARs que fueron explorados y de los que nos se halló TLDs. Saltarse JARs no necesarios durante la exploración puede dar lugar a una mejora de tiempo significativa en el arranque y compilación de JSP .
11-Dec-2020 09:28:52.878 INFORMACIÓN [http-nio-8084-exec-6] org.apache.catalina.core.StandardContext.reload Se ha completado la recarga de este Contexto
11-Dec-2020 09:30:18.384 INFORMACIÓN [http-nio-8084-exec-2] org.apache.catalina.startup.HostConfig.undeploy Repliegue (undeploy) de la aplicación web que tiene como trayectoria de contexto [/AgendaWebJPA]
11-Dec-2020 09:30:18.392 INFORMACIÓN [http-nio-8084-exec-13] org.apache.catalina.startup.HostConfig.deployDescriptor Desplieque del descriptor de configuración [/home/axegas/2damGeneral/NetBeans/apache-tomcat-9.0.41/conf/Catalina/localhost/AgendaWebJPA.xml]
11-Dec-2020 09:30:18.393 ADVERTENCIA [http-nio-8084-exec-13] org.apache.catalina.startup.HostConfig.deployDescriptor The path attribute with value [/AgendaWebJPA] in deployment descriptor [/home/axegas/2damGeneral/NetBeans/apache-tomcat-9.0.41/conf/Catalina/localhost/AgendaWebJPA.xml] has been ignored
11-Dec-2020 09:30:18.906 INFORMACIÓN [http-nio-8084-exec-13] org.apache.jasper.servlet.TldScanner.scanJars Al menos un JAR, que se ha explorado buscando TLDs, aún no contenía TLDs. Activar historial de depuración para este historiador para una completa lista de los JARs que fueron explorados y de los que nos se halló TLDs. Saltarse JARs no necesarios durante la exploración puede dar lugar a una mejora de tiempo significativa en el arranque y compilación de JSP .
11-Dec-2020 09:30:18.908 INFORMACIÓN [http-nio-8084-exec-13] org.apache.catalina.startup.HostConfig.deployDescriptor Deployment of deployment descriptor [/home/axegas/2damGeneral/NetBeans/apache-tomcat-9.0.41/conf/Catalina/localhost/AgendaWebJPA.xml] has finished in [516] ms
11-Dec-2020 09:30:18.912 INFORMACIÓN [http-nio-8084-exec-4] org.apache.catalina.util.LifecycleBase.start The start() method was called on component [StandardEngine[Catalina].StandardHost[localhost].StandardContext[/AgendaWebJPA]] after start() had already been called. The second call will be ignored.
11-Dec-2020 09:32:23.184 INFORMACIÓN [http-nio-8084-exec-17] org.apache.catalina.core.StandardContext.reload Ha comenzado la recarga de Contexto [/AgendaWebJPA]
11-Dec-2020 09:32:23.805 INFORMACIÓN [http-nio-8084-exec-17] org.apache.jasper.servlet.TldScanner.scanJars Al menos un JAR, que se ha explorado buscando TLDs, aún no contenía TLDs. Activar historial de depuración para este historiador para una completa lista de los JARs que fueron explorados y de los que nos se halló TLDs. Saltarse JARs no necesarios durante la exploración puede dar lugar a una mejora de tiempo significativa en el arranque y compilación de JSP .
11-Dec-2020 09:32:23.807 INFORMACIÓN [http-nio-8084-exec-17] org.apache.catalina.core.StandardContext.reload Se ha completado la recarga de este Contexto
11-Dec-2020 09:32:25.490 INFORMACIÓN [http-nio-8084-exec-23] org.apache.catalina.core.StandardContext.reload Ha comenzado la recarga de Contexto [/AgendaWebJPA]
11-Dec-2020 09:32:26.062 INFORMACIÓN [http-nio-8084-exec-23] org.apache.jasper.servlet.TldScanner.scanJars Al menos un JAR, que se ha explorado buscando TLDs, aún no contenía TLDs. Activar historial de depuración para este historiador para una completa lista de los JARs que fueron explorados y de los que nos se halló TLDs. Saltarse JARs no necesarios durante la exploración puede dar lugar a una mejora de tiempo significativa en el arranque y compilación de JSP .
11-Dec-2020 09:32:26.063 INFORMACIÓN [http-nio-8084-exec-23] org.apache.catalina.core.StandardContext.reload Se ha completado la recarga de este Contexto
11-Dec-2020 09:34:30.173 INFORMACIÓN [http-nio-8084-exec-17] org.apache.catalina.core.StandardContext.reload Ha comenzado la recarga de Contexto [/AgendaWebJPA]
11-Dec-2020 09:34:30.726 INFORMACIÓN [http-nio-8084-exec-17] org.apache.jasper.servlet.TldScanner.scanJars Al menos un JAR, que se ha explorado buscando TLDs, aún no contenía TLDs. Activar historial de depuración para este historiador para una completa lista de los JARs que fueron explorados y de los que nos se halló TLDs. Saltarse JARs no necesarios durante la exploración puede dar lugar a una mejora de tiempo significativa en el arranque y compilación de JSP .
11-Dec-2020 09:34:30.727 INFORMACIÓN [http-nio-8084-exec-17] org.apache.catalina.core.StandardContext.reload Se ha completado la recarga de este Contexto
11-Dec-2020 09:35:55.493 INFORMACIÓN [http-nio-8084-exec-19] org.apache.catalina.core.StandardContext.reload Ha comenzado la recarga de Contexto [/AgendaWebJPA]
11-Dec-2020 09:35:56.005 INFORMACIÓN [http-nio-8084-exec-19] org.apache.jasper.servlet.TldScanner.scanJars Al menos un JAR, que se ha explorado buscando TLDs, aún no contenía TLDs. Activar historial de depuración para este historiador para una completa lista de los JARs que fueron explorados y de los que nos se halló TLDs. Saltarse JARs no necesarios durante la exploración puede dar lugar a una mejora de tiempo significativa en el arranque y compilación de JSP .
11-Dec-2020 09:35:56.006 INFORMACIÓN [http-nio-8084-exec-19] org.apache.catalina.core.StandardContext.reload Se ha completado la recarga de este Contexto
11-Dec-2020 09:36:47.748 INFORMACIÓN [http-nio-8084-exec-17] org.apache.catalina.core.StandardContext.reload Ha comenzado la recarga de Contexto [/AgendaWebJPA]
11-Dec-2020 09:36:48.279 INFORMACIÓN [http-nio-8084-exec-17] org.apache.jasper.servlet.TldScanner.scanJars Al menos un JAR, que se ha explorado buscando TLDs, aún no contenía TLDs. Activar historial de depuración para este historiador para una completa lista de los JARs que fueron explorados y de los que nos se halló TLDs. Saltarse JARs no necesarios durante la exploración puede dar lugar a una mejora de tiempo significativa en el arranque y compilación de JSP .
11-Dec-2020 09:36:48.280 INFORMACIÓN [http-nio-8084-exec-17] org.apache.catalina.core.StandardContext.reload Se ha completado la recarga de este Contexto
11-Dec-2020 09:36:51.787 INFORMACIÓN [http-nio-8084-exec-27] org.apache.catalina.core.StandardContext.reload Ha comenzado la recarga de Contexto [/AgendaWebJPA]
11-Dec-2020 09:36:52.280 INFORMACIÓN [http-nio-8084-exec-27] org.apache.jasper.servlet.TldScanner.scanJars Al menos un JAR, que se ha explorado buscando TLDs, aún no contenía TLDs. Activar historial de depuración para este historiador para una completa lista de los JARs que fueron explorados y de los que nos se halló TLDs. Saltarse JARs no necesarios durante la exploración puede dar lugar a una mejora de tiempo significativa en el arranque y compilación de JSP .
11-Dec-2020 09:36:52.281 INFORMACIÓN [http-nio-8084-exec-27] org.apache.catalina.core.StandardContext.reload Se ha completado la recarga de este Contexto
11-Dec-2020 09:37:14.450 INFORMACIÓN [http-nio-8084-exec-27] org.apache.catalina.core.StandardContext.reload Ha comenzado la recarga de Contexto [/AgendaWebJPA]
11-Dec-2020 09:37:14.929 INFORMACIÓN [http-nio-8084-exec-27] org.apache.jasper.servlet.TldScanner.scanJars Al menos un JAR, que se ha explorado buscando TLDs, aún no contenía TLDs. Activar historial de depuración para este historiador para una completa lista de los JARs que fueron explorados y de los que nos se halló TLDs. Saltarse JARs no necesarios durante la exploración puede dar lugar a una mejora de tiempo significativa en el arranque y compilación de JSP .
11-Dec-2020 09:37:14.930 INFORMACIÓN [http-nio-8084-exec-27] org.apache.catalina.core.StandardContext.reload Se ha completado la recarga de este Contexto
11-Dec-2020 09:37:59.780 INFORMACIÓN [http-nio-8084-exec-32] org.apache.catalina.core.StandardContext.reload Ha comenzado la recarga de Contexto [/AgendaWebJPA]
11-Dec-2020 09:38:00.308 INFORMACIÓN [http-nio-8084-exec-32] org.apache.jasper.servlet.TldScanner.scanJars Al menos un JAR, que se ha explorado buscando TLDs, aún no contenía TLDs. Activar historial de depuración para este historiador para una completa lista de los JARs que fueron explorados y de los que nos se halló TLDs. Saltarse JARs no necesarios durante la exploración puede dar lugar a una mejora de tiempo significativa en el arranque y compilación de JSP .
11-Dec-2020 09:38:00.310 INFORMACIÓN [http-nio-8084-exec-32] org.apache.catalina.core.StandardContext.reload Se ha completado la recarga de este Contexto
11-Dec-2020 09:40:27.411 INFORMACIÓN [http-nio-8084-exec-37] org.apache.catalina.core.StandardContext.reload Ha comenzado la recarga de Contexto [/AgendaWebJPA]
11-Dec-2020 09:40:27.880 INFORMACIÓN [http-nio-8084-exec-37] org.apache.jasper.servlet.TldScanner.scanJars Al menos un JAR, que se ha explorado buscando TLDs, aún no contenía TLDs. Activar historial de depuración para este historiador para una completa lista de los JARs que fueron explorados y de los que nos se halló TLDs. Saltarse JARs no necesarios durante la exploración puede dar lugar a una mejora de tiempo significativa en el arranque y compilación de JSP .
11-Dec-2020 09:40:27.881 INFORMACIÓN [http-nio-8084-exec-37] org.apache.catalina.core.StandardContext.reload Se ha completado la recarga de este Contexto
11-Dec-2020 09:40:28.949 INFORMACIÓN [http-nio-8084-exec-32] org.apache.catalina.core.StandardContext.reload Ha comenzado la recarga de Contexto [/AgendaWebJPA]
11-Dec-2020 09:40:29.419 INFORMACIÓN [http-nio-8084-exec-32] org.apache.jasper.servlet.TldScanner.scanJars Al menos un JAR, que se ha explorado buscando TLDs, aún no contenía TLDs. Activar historial de depuración para este historiador para una completa lista de los JARs que fueron explorados y de los que nos se halló TLDs. Saltarse JARs no necesarios durante la exploración puede dar lugar a una mejora de tiempo significativa en el arranque y compilación de JSP .
11-Dec-2020 09:40:29.420 INFORMACIÓN [http-nio-8084-exec-32] org.apache.catalina.core.StandardContext.reload Se ha completado la recarga de este Contexto
11-Dec-2020 09:41:35.752 INFORMACIÓN [http-nio-8084-exec-40] org.apache.catalina.core.StandardContext.reload Ha comenzado la recarga de Contexto [/AgendaWebJPA]
11-Dec-2020 09:41:36.202 INFORMACIÓN [http-nio-8084-exec-40] org.apache.jasper.servlet.TldScanner.scanJars Al menos un JAR, que se ha explorado buscando TLDs, aún no contenía TLDs. Activar historial de depuración para este historiador para una completa lista de los JARs que fueron explorados y de los que nos se halló TLDs. Saltarse JARs no necesarios durante la exploración puede dar lugar a una mejora de tiempo significativa en el arranque y compilación de JSP .
11-Dec-2020 09:41:36.203 INFORMACIÓN [http-nio-8084-exec-40] org.apache.catalina.core.StandardContext.reload Se ha completado la recarga de este Contexto
11-Dec-2020 09:42:22.361 INFORMACIÓN [http-nio-8084-exec-41] org.apache.catalina.core.StandardContext.reload Ha comenzado la recarga de Contexto [/AgendaWebJPA]
11-Dec-2020 09:42:22.882 INFORMACIÓN [http-nio-8084-exec-41] org.apache.jasper.servlet.TldScanner.scanJars Al menos un JAR, que se ha explorado buscando TLDs, aún no contenía TLDs. Activar historial de depuración para este historiador para una completa lista de los JARs que fueron explorados y de los que nos se halló TLDs. Saltarse JARs no necesarios durante la exploración puede dar lugar a una mejora de tiempo significativa en el arranque y compilación de JSP .
11-Dec-2020 09:42:22.883 INFORMACIÓN [http-nio-8084-exec-41] org.apache.catalina.core.StandardContext.reload Se ha completado la recarga de este Contexto
11-Dec-2020 09:42:26.981 INFORMACIÓN [http-nio-8084-exec-33] org.apache.catalina.core.StandardContext.reload Ha comenzado la recarga de Contexto [/AgendaWebJPA]
11-Dec-2020 09:42:27.482 INFORMACIÓN [http-nio-8084-exec-33] org.apache.jasper.servlet.TldScanner.scanJars Al menos un JAR, que se ha explorado buscando TLDs, aún no contenía TLDs. Activar historial de depuración para este historiador para una completa lista de los JARs que fueron explorados y de los que nos se halló TLDs. Saltarse JARs no necesarios durante la exploración puede dar lugar a una mejora de tiempo significativa en el arranque y compilación de JSP .
11-Dec-2020 09:42:27.484 INFORMACIÓN [http-nio-8084-exec-33] org.apache.catalina.core.StandardContext.reload Se ha completado la recarga de este Contexto
11-Dec-2020 09:42:28.392 INFORMACIÓN [http-nio-8084-exec-32] org.apache.catalina.core.StandardContext.reload Ha comenzado la recarga de Contexto [/AgendaWebJPA]
11-Dec-2020 09:42:28.925 INFORMACIÓN [http-nio-8084-exec-32] org.apache.jasper.servlet.TldScanner.scanJars Al menos un JAR, que se ha explorado buscando TLDs, aún no contenía TLDs. Activar historial de depuración para este historiador para una completa lista de los JARs que fueron explorados y de los que nos se halló TLDs. Saltarse JARs no necesarios durante la exploración puede dar lugar a una mejora de tiempo significativa en el arranque y compilación de JSP .
11-Dec-2020 09:42:28.927 INFORMACIÓN [http-nio-8084-exec-32] org.apache.catalina.core.StandardContext.reload Se ha completado la recarga de este Contexto
11-Dec-2020 09:42:44.918 INFORMACIÓN [http-nio-8084-exec-44] org.apache.catalina.core.StandardContext.reload Ha comenzado la recarga de Contexto [/AgendaWebJPA]
11-Dec-2020 09:42:45.486 INFORMACIÓN [http-nio-8084-exec-44] org.apache.jasper.servlet.TldScanner.scanJars Al menos un JAR, que se ha explorado buscando TLDs, aún no contenía TLDs. Activar historial de depuración para este historiador para una completa lista de los JARs que fueron explorados y de los que nos se halló TLDs. Saltarse JARs no necesarios durante la exploración puede dar lugar a una mejora de tiempo significativa en el arranque y compilación de JSP .
11-Dec-2020 09:42:45.487 INFORMACIÓN [http-nio-8084-exec-44] org.apache.catalina.core.StandardContext.reload Se ha completado la recarga de este Contexto
11-Dec-2020 09:42:49.316 INFORMACIÓN [http-nio-8084-exec-39] org.apache.catalina.core.StandardContext.reload Ha comenzado la recarga de Contexto [/AgendaWebJPA]
11-Dec-2020 09:42:49.842 INFORMACIÓN [http-nio-8084-exec-39] org.apache.jasper.servlet.TldScanner.scanJars Al menos un JAR, que se ha explorado buscando TLDs, aún no contenía TLDs. Activar historial de depuración para este historiador para una completa lista de los JARs que fueron explorados y de los que nos se halló TLDs. Saltarse JARs no necesarios durante la exploración puede dar lugar a una mejora de tiempo significativa en el arranque y compilación de JSP .
11-Dec-2020 09:42:49.844 INFORMACIÓN [http-nio-8084-exec-39] org.apache.catalina.core.StandardContext.reload Se ha completado la recarga de este Contexto
11-Dec-2020 09:43:18.252 INFORMACIÓN [http-nio-8084-exec-44] org.apache.catalina.core.StandardContext.reload Ha comenzado la recarga de Contexto [/AgendaWebJPA]
11-Dec-2020 09:43:18.704 INFORMACIÓN [http-nio-8084-exec-44] org.apache.jasper.servlet.TldScanner.scanJars Al menos un JAR, que se ha explorado buscando TLDs, aún no contenía TLDs. Activar historial de depuración para este historiador para una completa lista de los JARs que fueron explorados y de los que nos se halló TLDs. Saltarse JARs no necesarios durante la exploración puede dar lugar a una mejora de tiempo significativa en el arranque y compilación de JSP .
11-Dec-2020 09:43:18.705 INFORMACIÓN [http-nio-8084-exec-44] org.apache.catalina.core.StandardContext.reload Se ha completado la recarga de este Contexto
11-Dec-2020 09:46:24.551 INFORMACIÓN [http-nio-8084-exec-51] org.apache.catalina.core.StandardContext.reload Ha comenzado la recarga de Contexto [/AgendaWebJPA]
11-Dec-2020 09:46:25.007 INFORMACIÓN [http-nio-8084-exec-51] org.apache.jasper.servlet.TldScanner.scanJars Al menos un JAR, que se ha explorado buscando TLDs, aún no contenía TLDs. Activar historial de depuración para este historiador para una completa lista de los JARs que fueron explorados y de los que nos se halló TLDs. Saltarse JARs no necesarios durante la exploración puede dar lugar a una mejora de tiempo significativa en el arranque y compilación de JSP .
11-Dec-2020 09:46:25.009 INFORMACIÓN [http-nio-8084-exec-51] org.apache.catalina.core.StandardContext.reload Se ha completado la recarga de este Contexto
11-Dec-2020 09:46:33.463 INFORMACIÓN [http-nio-8084-exec-42] org.apache.catalina.startup.HostConfig.undeploy Repliegue (undeploy) de la aplicación web que tiene como trayectoria de contexto [/AgendaWebJPA]
11-Dec-2020 10:53:59.097 INFORMACIÓN [main] org.apache.catalina.core.StandardServer.await Se ha recibido un comando de apagado a través del puerto de apagado. Parando la instancia del Servidor.
11-Dec-2020 10:53:59.097 INFORMACIÓN [main] org.apache.coyote.AbstractProtocol.pause Pausing ProtocolHandler ["http-nio-8084"]
11-Dec-2020 10:53:59.105 INFORMACIÓN [main] org.apache.catalina.core.StandardService.stopInternal Parando servicio [Catalina]
11-Dec-2020 10:53:59.116 INFORMACIÓN [main] org.apache.coyote.AbstractProtocol.stop Stopping ProtocolHandler ["http-nio-8084"]
11-Dec-2020 10:53:59.152 INFORMACIÓN [main] org.apache.coyote.AbstractProtocol.destroy Destroying ProtocolHandler ["http-nio-8084"]
