11-Dec-2020 08:35:00.497 INFORMACIÓN [http-nio-8084-exec-4] org.apache.catalina.core.ApplicationContext.log Manager: init: Associated with Deployer 'Catalina:type=Deployer,host=localhost'
11-Dec-2020 08:35:00.498 INFORMACIÓN [http-nio-8084-exec-4] org.apache.catalina.core.ApplicationContext.log Manager: init: Global resources are available
11-Dec-2020 08:35:00.709 INFORMACIÓN [http-nio-8084-exec-7] org.apache.catalina.core.ApplicationContext.log Manager: list: Listing contexts for virtual host 'localhost'
11-Dec-2020 08:35:00.726 INFORMACIÓN [http-nio-8084-exec-8] org.apache.catalina.core.ApplicationContext.log Manager: list: Listing contexts for virtual host 'localhost'
11-Dec-2020 08:35:00.763 INFORMACIÓN [http-nio-8084-exec-9] org.apache.catalina.core.ApplicationContext.log Manager: install: Installing context configuration at 'file:/tmp/context15144374664912297104.xml'
11-Dec-2020 08:35:00.867 INFORMACIÓN [http-nio-8084-exec-10] org.apache.catalina.core.ApplicationContext.log Manager: start: Starting web application '/AgendaWebJPA'
11-Dec-2020 08:51:58.645 INFORMACIÓN [http-nio-8084-exec-8] org.apache.catalina.core.ApplicationContext.log Manager: list: Listing contexts for virtual host 'localhost'
11-Dec-2020 08:51:58.653 INFORMACIÓN [http-nio-8084-exec-9] org.apache.catalina.core.ApplicationContext.log Manager: undeploy: Undeploying web application at '/AgendaWebJPA'
11-Dec-2020 08:53:55.198 INFORMACIÓN [http-nio-8084-exec-13] org.apache.catalina.core.ApplicationContext.log Manager: list: Listing contexts for virtual host 'localhost'
11-Dec-2020 08:53:55.206 INFORMACIÓN [http-nio-8084-exec-4] org.apache.catalina.core.ApplicationContext.log Manager: list: Listing contexts for virtual host 'localhost'
11-Dec-2020 08:53:55.217 INFORMACIÓN [http-nio-8084-exec-3] org.apache.catalina.core.ApplicationContext.log Manager: install: Installing context configuration at 'file:/tmp/context12433036329409860337.xml'
11-Dec-2020 08:53:56.043 INFORMACIÓN [http-nio-8084-exec-16] org.apache.catalina.core.ApplicationContext.log Manager: start: Starting web application '/AgendaWebJPA'
11-Dec-2020 08:56:29.873 INFORMACIÓN [http-nio-8084-exec-15] org.apache.catalina.core.ApplicationContext.log Manager: list: Listing contexts for virtual host 'localhost'
11-Dec-2020 08:56:29.956 INFORMACIÓN [http-nio-8084-exec-11] org.apache.catalina.core.ApplicationContext.log Manager: restart: Reloading web application '/AgendaWebJPA'
11-Dec-2020 08:56:32.894 INFORMACIÓN [http-nio-8084-exec-12] org.apache.catalina.core.ApplicationContext.log Manager: list: Listing contexts for virtual host 'localhost'
11-Dec-2020 08:56:32.903 INFORMACIÓN [http-nio-8084-exec-20] org.apache.catalina.core.ApplicationContext.log Manager: restart: Reloading web application '/AgendaWebJPA'
11-Dec-2020 08:56:37.791 INFORMACIÓN [http-nio-8084-exec-18] org.apache.catalina.core.ApplicationContext.log Manager: list: Listing contexts for virtual host 'localhost'
11-Dec-2020 08:56:37.813 INFORMACIÓN [http-nio-8084-exec-12] org.apache.catalina.core.ApplicationContext.log Manager: restart: Reloading web application '/AgendaWebJPA'
11-Dec-2020 08:56:38.675 INFORMACIÓN [http-nio-8084-exec-16] org.apache.catalina.core.ApplicationContext.log Manager: list: Listing contexts for virtual host 'localhost'
11-Dec-2020 08:56:38.695 INFORMACIÓN [http-nio-8084-exec-14] org.apache.catalina.core.ApplicationContext.log Manager: restart: Reloading web application '/AgendaWebJPA'
11-Dec-2020 08:58:17.279 INFORMACIÓN [http-nio-8084-exec-18] org.apache.catalina.core.ApplicationContext.log Manager: list: Listing contexts for virtual host 'localhost'
11-Dec-2020 08:58:17.288 INFORMACIÓN [http-nio-8084-exec-17] org.apache.catalina.core.ApplicationContext.log Manager: restart: Reloading web application '/AgendaWebJPA'
11-Dec-2020 08:58:22.902 INFORMACIÓN [http-nio-8084-exec-24] org.apache.catalina.core.ApplicationContext.log Manager: list: Listing contexts for virtual host 'localhost'
11-Dec-2020 08:58:22.968 INFORMACIÓN [http-nio-8084-exec-18] org.apache.catalina.core.ApplicationContext.log Manager: restart: Reloading web application '/AgendaWebJPA'
11-Dec-2020 08:58:46.526 INFORMACIÓN [http-nio-8084-exec-24] org.apache.catalina.core.ApplicationContext.log Manager: list: Listing contexts for virtual host 'localhost'
11-Dec-2020 08:58:48.299 INFORMACIÓN [http-nio-8084-exec-18] org.apache.catalina.core.ApplicationContext.log Manager: list: Listing contexts for virtual host 'localhost'
11-Dec-2020 08:58:48.322 INFORMACIÓN [http-nio-8084-exec-20] org.apache.catalina.core.ApplicationContext.log Manager: restart: Reloading web application '/AgendaWebJPA'
11-Dec-2020 09:01:19.801 INFORMACIÓN [http-nio-8084-exec-32] org.apache.catalina.core.ApplicationContext.log Manager: list: Listing contexts for virtual host 'localhost'
11-Dec-2020 09:01:19.834 INFORMACIÓN [http-nio-8084-exec-28] org.apache.catalina.core.ApplicationContext.log Manager: restart: Reloading web application '/AgendaWebJPA'
11-Dec-2020 09:01:48.332 INFORMACIÓN [http-nio-8084-exec-26] org.apache.catalina.core.ApplicationContext.log Manager: list: Listing contexts for virtual host 'localhost'
11-Dec-2020 09:01:48.413 INFORMACIÓN [http-nio-8084-exec-31] org.apache.catalina.core.ApplicationContext.log Manager: restart: Reloading web application '/AgendaWebJPA'
11-Dec-2020 09:01:49.862 INFORMACIÓN [http-nio-8084-exec-33] org.apache.catalina.core.ApplicationContext.log Manager: list: Listing contexts for virtual host 'localhost'
11-Dec-2020 09:01:49.919 INFORMACIÓN [http-nio-8084-exec-13] org.apache.catalina.core.ApplicationContext.log Manager: restart: Reloading web application '/AgendaWebJPA'
11-Dec-2020 09:06:11.254 INFORMACIÓN [http-nio-8084-exec-36] org.apache.catalina.core.ApplicationContext.log Manager: list: Listing contexts for virtual host 'localhost'
11-Dec-2020 09:06:11.271 INFORMACIÓN [http-nio-8084-exec-38] org.apache.catalina.core.ApplicationContext.log Manager: restart: Reloading web application '/AgendaWebJPA'
11-Dec-2020 09:06:25.822 INFORMACIÓN [http-nio-8084-exec-35] org.apache.catalina.core.ApplicationContext.log Manager: list: Listing contexts for virtual host 'localhost'
11-Dec-2020 09:06:25.855 INFORMACIÓN [http-nio-8084-exec-36] org.apache.catalina.core.ApplicationContext.log Manager: restart: Reloading web application '/AgendaWebJPA'
11-Dec-2020 09:10:50.571 INFORMACIÓN [http-nio-8084-exec-46] org.apache.catalina.core.ApplicationContext.log Manager: list: Listing contexts for virtual host 'localhost'
11-Dec-2020 09:10:51.551 INFORMACIÓN [http-nio-8084-exec-41] org.apache.catalina.core.ApplicationContext.log Manager: list: Listing contexts for virtual host 'localhost'
11-Dec-2020 09:10:51.644 INFORMACIÓN [http-nio-8084-exec-40] org.apache.catalina.core.ApplicationContext.log Manager: restart: Reloading web application '/AgendaWebJPA'
11-Dec-2020 09:10:53.203 INFORMACIÓN [http-nio-8084-exec-48] org.apache.catalina.core.ApplicationContext.log Manager: list: Listing contexts for virtual host 'localhost'
11-Dec-2020 09:10:53.241 INFORMACIÓN [http-nio-8084-exec-41] org.apache.catalina.core.ApplicationContext.log Manager: restart: Reloading web application '/AgendaWebJPA'
11-Dec-2020 09:10:58.438 INFORMACIÓN [http-nio-8084-exec-48] org.apache.catalina.core.ApplicationContext.log Manager: list: Listing contexts for virtual host 'localhost'
11-Dec-2020 09:10:58.520 INFORMACIÓN [http-nio-8084-exec-44] org.apache.catalina.core.ApplicationContext.log Manager: restart: Reloading web application '/AgendaWebJPA'
11-Dec-2020 09:12:50.662 INFORMACIÓN [http-nio-8084-exec-46] org.apache.catalina.core.ApplicationContext.log Manager: list: Listing contexts for virtual host 'localhost'
11-Dec-2020 09:12:50.669 INFORMACIÓN [http-nio-8084-exec-51] org.apache.catalina.core.ApplicationContext.log Manager: restart: Reloading web application '/AgendaWebJPA'
11-Dec-2020 09:12:55.083 INFORMACIÓN [http-nio-8084-exec-46] org.apache.catalina.core.ApplicationContext.log Manager: list: Listing contexts for virtual host 'localhost'
11-Dec-2020 09:14:43.679 INFORMACIÓN [http-nio-8084-exec-40] org.apache.catalina.core.ApplicationContext.log Manager: list: Listing contexts for virtual host 'localhost'
11-Dec-2020 09:14:43.698 INFORMACIÓN [http-nio-8084-exec-51] org.apache.catalina.core.ApplicationContext.log Manager: undeploy: Undeploying web application at '/AgendaWebJPA'
11-Dec-2020 09:14:45.163 INFORMACIÓN [http-nio-8084-exec-57] org.apache.catalina.core.ApplicationContext.log Manager: list: Listing contexts for virtual host 'localhost'
11-Dec-2020 09:15:46.100 INFORMACIÓN [http-nio-8084-exec-60] org.apache.catalina.core.ApplicationContext.log Manager: list: Listing contexts for virtual host 'localhost'
11-Dec-2020 09:16:45.911 INFORMACIÓN [http-nio-8084-exec-56] org.apache.catalina.core.ApplicationContext.log Manager: list: Listing contexts for virtual host 'localhost'
11-Dec-2020 09:17:28.104 INFORMACIÓN [http-nio-8084-exec-58] org.apache.catalina.core.ApplicationContext.log Manager: list: Listing contexts for virtual host 'localhost'
11-Dec-2020 09:18:31.550 INFORMACIÓN [http-nio-8084-exec-56] org.apache.catalina.core.ApplicationContext.log Manager: list: Listing contexts for virtual host 'localhost'
11-Dec-2020 09:21:14.063 INFORMACIÓN [http-nio-8084-exec-61] org.apache.catalina.core.ApplicationContext.log Manager: list: Listing contexts for virtual host 'localhost'
11-Dec-2020 09:27:49.141 INFORMACIÓN [http-nio-8084-exec-4] org.apache.catalina.core.ApplicationContext.log Manager: init: Associated with Deployer 'Catalina:type=Deployer,host=localhost'
11-Dec-2020 09:27:49.141 INFORMACIÓN [http-nio-8084-exec-4] org.apache.catalina.core.ApplicationContext.log Manager: init: Global resources are available
11-Dec-2020 09:27:49.252 INFORMACIÓN [http-nio-8084-exec-8] org.apache.catalina.core.ApplicationContext.log Manager: list: Listing contexts for virtual host 'localhost'
11-Dec-2020 09:27:49.261 INFORMACIÓN [http-nio-8084-exec-9] org.apache.catalina.core.ApplicationContext.log Manager: list: Listing contexts for virtual host 'localhost'
11-Dec-2020 09:27:52.855 INFORMACIÓN [http-nio-8084-exec-9] org.apache.catalina.core.ApplicationContext.log Manager: list: Listing contexts for virtual host 'localhost'
11-Dec-2020 09:27:52.881 INFORMACIÓN [http-nio-8084-exec-2] org.apache.catalina.core.ApplicationContext.log Manager: list: Listing contexts for virtual host 'localhost'
11-Dec-2020 09:27:52.916 INFORMACIÓN [http-nio-8084-exec-8] org.apache.catalina.core.ApplicationContext.log Manager: install: Installing context configuration at 'file:/tmp/context2278258470673935305.xml'
11-Dec-2020 09:27:53.692 INFORMACIÓN [http-nio-8084-exec-9] org.apache.catalina.core.ApplicationContext.log Manager: start: Starting web application '/AgendaWebJPA'
11-Dec-2020 09:28:51.890 INFORMACIÓN [http-nio-8084-exec-8] org.apache.catalina.core.ApplicationContext.log Manager: list: Listing contexts for virtual host 'localhost'
11-Dec-2020 09:28:52.182 INFORMACIÓN [http-nio-8084-exec-6] org.apache.catalina.core.ApplicationContext.log Manager: restart: Reloading web application '/AgendaWebJPA'
11-Dec-2020 09:30:17.840 INFORMACIÓN [http-nio-8084-exec-9] org.apache.catalina.core.ApplicationContext.log Manager: list: Listing contexts for virtual host 'localhost'
11-Dec-2020 09:30:17.854 INFORMACIÓN [http-nio-8084-exec-15] org.apache.catalina.core.ApplicationContext.log Manager: list: Listing contexts for virtual host 'localhost'
11-Dec-2020 09:30:17.866 INFORMACIÓN [http-nio-8084-exec-2] org.apache.catalina.core.ApplicationContext.log Manager: undeploy: Undeploying web application at '/AgendaWebJPA'
11-Dec-2020 09:30:18.391 INFORMACIÓN [http-nio-8084-exec-13] org.apache.catalina.core.ApplicationContext.log Manager: install: Installing context configuration at 'file:/tmp/context14014196599627021460.xml'
11-Dec-2020 09:30:18.912 INFORMACIÓN [http-nio-8084-exec-4] org.apache.catalina.core.ApplicationContext.log Manager: start: Starting web application '/AgendaWebJPA'
11-Dec-2020 09:32:23.157 INFORMACIÓN [http-nio-8084-exec-16] org.apache.catalina.core.ApplicationContext.log Manager: list: Listing contexts for virtual host 'localhost'
11-Dec-2020 09:32:23.184 INFORMACIÓN [http-nio-8084-exec-17] org.apache.catalina.core.ApplicationContext.log Manager: restart: Reloading web application '/AgendaWebJPA'
11-Dec-2020 09:32:25.465 INFORMACIÓN [http-nio-8084-exec-2] org.apache.catalina.core.ApplicationContext.log Manager: list: Listing contexts for virtual host 'localhost'
11-Dec-2020 09:32:25.490 INFORMACIÓN [http-nio-8084-exec-23] org.apache.catalina.core.ApplicationContext.log Manager: restart: Reloading web application '/AgendaWebJPA'
11-Dec-2020 09:34:30.160 INFORMACIÓN [http-nio-8084-exec-16] org.apache.catalina.core.ApplicationContext.log Manager: list: Listing contexts for virtual host 'localhost'
11-Dec-2020 09:34:30.173 INFORMACIÓN [http-nio-8084-exec-17] org.apache.catalina.core.ApplicationContext.log Manager: restart: Reloading web application '/AgendaWebJPA'
11-Dec-2020 09:35:55.473 INFORMACIÓN [http-nio-8084-exec-28] org.apache.catalina.core.ApplicationContext.log Manager: list: Listing contexts for virtual host 'localhost'
11-Dec-2020 09:35:55.493 INFORMACIÓN [http-nio-8084-exec-19] org.apache.catalina.core.ApplicationContext.log Manager: restart: Reloading web application '/AgendaWebJPA'
11-Dec-2020 09:36:47.730 INFORMACIÓN [http-nio-8084-exec-27] org.apache.catalina.core.ApplicationContext.log Manager: list: Listing contexts for virtual host 'localhost'
11-Dec-2020 09:36:47.748 INFORMACIÓN [http-nio-8084-exec-17] org.apache.catalina.core.ApplicationContext.log Manager: restart: Reloading web application '/AgendaWebJPA'
11-Dec-2020 09:36:51.725 INFORMACIÓN [http-nio-8084-exec-25] org.apache.catalina.core.ApplicationContext.log Manager: list: Listing contexts for virtual host 'localhost'
11-Dec-2020 09:36:51.787 INFORMACIÓN [http-nio-8084-exec-27] org.apache.catalina.core.ApplicationContext.log Manager: restart: Reloading web application '/AgendaWebJPA'
11-Dec-2020 09:37:13.001 INFORMACIÓN [http-nio-8084-exec-17] org.apache.catalina.core.ApplicationContext.log Manager: list: Listing contexts for virtual host 'localhost'
11-Dec-2020 09:37:14.420 INFORMACIÓN [http-nio-8084-exec-29] org.apache.catalina.core.ApplicationContext.log Manager: list: Listing contexts for virtual host 'localhost'
11-Dec-2020 09:37:14.450 INFORMACIÓN [http-nio-8084-exec-27] org.apache.catalina.core.ApplicationContext.log Manager: restart: Reloading web application '/AgendaWebJPA'
11-Dec-2020 09:37:59.752 INFORMACIÓN [http-nio-8084-exec-23] org.apache.catalina.core.ApplicationContext.log Manager: list: Listing contexts for virtual host 'localhost'
11-Dec-2020 09:37:59.779 INFORMACIÓN [http-nio-8084-exec-32] org.apache.catalina.core.ApplicationContext.log Manager: restart: Reloading web application '/AgendaWebJPA'
11-Dec-2020 09:40:27.350 INFORMACIÓN [http-nio-8084-exec-27] org.apache.catalina.core.ApplicationContext.log Manager: list: Listing contexts for virtual host 'localhost'
11-Dec-2020 09:40:27.411 INFORMACIÓN [http-nio-8084-exec-37] org.apache.catalina.core.ApplicationContext.log Manager: restart: Reloading web application '/AgendaWebJPA'
11-Dec-2020 09:40:28.842 INFORMACIÓN [http-nio-8084-exec-23] org.apache.catalina.core.ApplicationContext.log Manager: list: Listing contexts for virtual host 'localhost'
11-Dec-2020 09:40:28.949 INFORMACIÓN [http-nio-8084-exec-32] org.apache.catalina.core.ApplicationContext.log Manager: restart: Reloading web application '/AgendaWebJPA'
11-Dec-2020 09:41:35.741 INFORMACIÓN [http-nio-8084-exec-37] org.apache.catalina.core.ApplicationContext.log Manager: list: Listing contexts for virtual host 'localhost'
11-Dec-2020 09:41:35.752 INFORMACIÓN [http-nio-8084-exec-40] org.apache.catalina.core.ApplicationContext.log Manager: restart: Reloading web application '/AgendaWebJPA'
11-Dec-2020 09:42:22.338 INFORMACIÓN [http-nio-8084-exec-33] org.apache.catalina.core.ApplicationContext.log Manager: list: Listing contexts for virtual host 'localhost'
11-Dec-2020 09:42:22.360 INFORMACIÓN [http-nio-8084-exec-41] org.apache.catalina.core.ApplicationContext.log Manager: restart: Reloading web application '/AgendaWebJPA'
11-Dec-2020 09:42:26.946 INFORMACIÓN [http-nio-8084-exec-42] org.apache.catalina.core.ApplicationContext.log Manager: list: Listing contexts for virtual host 'localhost'
11-Dec-2020 09:42:26.980 INFORMACIÓN [http-nio-8084-exec-33] org.apache.catalina.core.ApplicationContext.log Manager: restart: Reloading web application '/AgendaWebJPA'
11-Dec-2020 09:42:28.364 INFORMACIÓN [http-nio-8084-exec-40] org.apache.catalina.core.ApplicationContext.log Manager: list: Listing contexts for virtual host 'localhost'
11-Dec-2020 09:42:28.392 INFORMACIÓN [http-nio-8084-exec-32] org.apache.catalina.core.ApplicationContext.log Manager: restart: Reloading web application '/AgendaWebJPA'
11-Dec-2020 09:42:44.897 INFORMACIÓN [http-nio-8084-exec-43] org.apache.catalina.core.ApplicationContext.log Manager: list: Listing contexts for virtual host 'localhost'
11-Dec-2020 09:42:44.918 INFORMACIÓN [http-nio-8084-exec-44] org.apache.catalina.core.ApplicationContext.log Manager: restart: Reloading web application '/AgendaWebJPA'
11-Dec-2020 09:42:49.299 INFORMACIÓN [http-nio-8084-exec-27] org.apache.catalina.core.ApplicationContext.log Manager: list: Listing contexts for virtual host 'localhost'
11-Dec-2020 09:42:49.316 INFORMACIÓN [http-nio-8084-exec-39] org.apache.catalina.core.ApplicationContext.log Manager: restart: Reloading web application '/AgendaWebJPA'
11-Dec-2020 09:43:18.216 INFORMACIÓN [http-nio-8084-exec-46] org.apache.catalina.core.ApplicationContext.log Manager: list: Listing contexts for virtual host 'localhost'
11-Dec-2020 09:43:18.252 INFORMACIÓN [http-nio-8084-exec-44] org.apache.catalina.core.ApplicationContext.log Manager: restart: Reloading web application '/AgendaWebJPA'
11-Dec-2020 09:46:24.537 INFORMACIÓN [http-nio-8084-exec-47] org.apache.catalina.core.ApplicationContext.log Manager: list: Listing contexts for virtual host 'localhost'
11-Dec-2020 09:46:24.551 INFORMACIÓN [http-nio-8084-exec-51] org.apache.catalina.core.ApplicationContext.log Manager: restart: Reloading web application '/AgendaWebJPA'
11-Dec-2020 09:46:32.949 INFORMACIÓN [http-nio-8084-exec-50] org.apache.catalina.core.ApplicationContext.log Manager: list: Listing contexts for virtual host 'localhost'
11-Dec-2020 09:46:32.957 INFORMACIÓN [http-nio-8084-exec-42] org.apache.catalina.core.ApplicationContext.log Manager: undeploy: Undeploying web application at '/AgendaWebJPA'
11-Dec-2020 09:46:41.886 INFORMACIÓN [http-nio-8084-exec-51] org.apache.catalina.core.ApplicationContext.log Manager: list: Listing contexts for virtual host 'localhost'
11-Dec-2020 09:58:19.182 INFORMACIÓN [http-nio-8084-exec-53] org.apache.catalina.core.ApplicationContext.log Manager: list: Listing contexts for virtual host 'localhost'
11-Dec-2020 09:58:19.266 INFORMACIÓN [http-nio-8084-exec-62] org.apache.catalina.core.ApplicationContext.log Manager: list: Listing contexts for virtual host 'localhost'
11-Dec-2020 09:58:40.362 INFORMACIÓN [http-nio-8084-exec-57] org.apache.catalina.core.ApplicationContext.log Manager: list: Listing contexts for virtual host 'localhost'
11-Dec-2020 09:58:40.417 INFORMACIÓN [http-nio-8084-exec-54] org.apache.catalina.core.ApplicationContext.log Manager: list: Listing contexts for virtual host 'localhost'
11-Dec-2020 09:58:40.518 INFORMACIÓN [http-nio-8084-exec-56] org.apache.catalina.core.ApplicationContext.log Manager: list: Listing contexts for virtual host 'localhost'
11-Dec-2020 09:58:40.840 INFORMACIÓN [http-nio-8084-exec-62] org.apache.catalina.core.ApplicationContext.log Manager: list: Listing contexts for virtual host 'localhost'
11-Dec-2020 09:58:46.890 INFORMACIÓN [http-nio-8084-exec-55] org.apache.catalina.core.ApplicationContext.log Manager: list: Listing contexts for virtual host 'localhost'
11-Dec-2020 09:58:47.005 INFORMACIÓN [http-nio-8084-exec-54] org.apache.catalina.core.ApplicationContext.log Manager: list: Listing contexts for virtual host 'localhost'
11-Dec-2020 09:58:47.107 INFORMACIÓN [http-nio-8084-exec-62] org.apache.catalina.core.ApplicationContext.log Manager: list: Listing contexts for virtual host 'localhost'
11-Dec-2020 09:59:09.458 INFORMACIÓN [http-nio-8084-exec-61] org.apache.catalina.core.ApplicationContext.log Manager: list: Listing contexts for virtual host 'localhost'
11-Dec-2020 09:59:09.539 INFORMACIÓN [http-nio-8084-exec-57] org.apache.catalina.core.ApplicationContext.log Manager: list: Listing contexts for virtual host 'localhost'
11-Dec-2020 10:02:28.533 INFORMACIÓN [http-nio-8084-exec-62] org.apache.catalina.core.ApplicationContext.log Manager: list: Listing contexts for virtual host 'localhost'
11-Dec-2020 10:02:29.961 INFORMACIÓN [http-nio-8084-exec-53] org.apache.catalina.core.ApplicationContext.log Manager: list: Listing contexts for virtual host 'localhost'
11-Dec-2020 10:04:25.871 INFORMACIÓN [http-nio-8084-exec-54] org.apache.catalina.core.ApplicationContext.log Manager: list: Listing contexts for virtual host 'localhost'
11-Dec-2020 10:14:27.982 INFORMACIÓN [http-nio-8084-exec-61] org.apache.catalina.core.ApplicationContext.log Manager: list: Listing contexts for virtual host 'localhost'
11-Dec-2020 10:15:10.009 INFORMACIÓN [http-nio-8084-exec-56] org.apache.catalina.core.ApplicationContext.log Manager: list: Listing contexts for virtual host 'localhost'
11-Dec-2020 10:15:11.290 INFORMACIÓN [http-nio-8084-exec-62] org.apache.catalina.core.ApplicationContext.log Manager: list: Listing contexts for virtual host 'localhost'
11-Dec-2020 10:15:23.324 INFORMACIÓN [http-nio-8084-exec-54] org.apache.catalina.core.ApplicationContext.log Manager: list: Listing contexts for virtual host 'localhost'
11-Dec-2020 10:15:50.022 INFORMACIÓN [http-nio-8084-exec-58] org.apache.catalina.core.ApplicationContext.log Manager: list: Listing contexts for virtual host 'localhost'
11-Dec-2020 10:16:01.890 INFORMACIÓN [http-nio-8084-exec-62] org.apache.catalina.core.ApplicationContext.log Manager: list: Listing contexts for virtual host 'localhost'
11-Dec-2020 10:18:13.189 INFORMACIÓN [http-nio-8084-exec-54] org.apache.catalina.core.ApplicationContext.log Manager: list: Listing contexts for virtual host 'localhost'
11-Dec-2020 10:20:12.768 INFORMACIÓN [http-nio-8084-exec-58] org.apache.catalina.core.ApplicationContext.log Manager: list: Listing contexts for virtual host 'localhost'
11-Dec-2020 10:21:05.211 INFORMACIÓN [http-nio-8084-exec-56] org.apache.catalina.core.ApplicationContext.log Manager: list: Listing contexts for virtual host 'localhost'
11-Dec-2020 10:23:17.713 INFORMACIÓN [http-nio-8084-exec-55] org.apache.catalina.core.ApplicationContext.log Manager: list: Listing contexts for virtual host 'localhost'
11-Dec-2020 10:23:20.014 INFORMACIÓN [http-nio-8084-exec-53] org.apache.catalina.core.ApplicationContext.log Manager: list: Listing contexts for virtual host 'localhost'
11-Dec-2020 10:23:45.474 INFORMACIÓN [http-nio-8084-exec-59] org.apache.catalina.core.ApplicationContext.log Manager: list: Listing contexts for virtual host 'localhost'
11-Dec-2020 10:24:00.367 INFORMACIÓN [http-nio-8084-exec-55] org.apache.catalina.core.ApplicationContext.log Manager: list: Listing contexts for virtual host 'localhost'
11-Dec-2020 10:24:32.910 INFORMACIÓN [http-nio-8084-exec-61] org.apache.catalina.core.ApplicationContext.log Manager: list: Listing contexts for virtual host 'localhost'
11-Dec-2020 10:28:27.511 INFORMACIÓN [http-nio-8084-exec-54] org.apache.catalina.core.ApplicationContext.log Manager: list: Listing contexts for virtual host 'localhost'
11-Dec-2020 10:29:39.436 INFORMACIÓN [http-nio-8084-exec-53] org.apache.catalina.core.ApplicationContext.log Manager: list: Listing contexts for virtual host 'localhost'
11-Dec-2020 10:29:41.780 INFORMACIÓN [http-nio-8084-exec-62] org.apache.catalina.core.ApplicationContext.log Manager: list: Listing contexts for virtual host 'localhost'
11-Dec-2020 10:29:59.417 INFORMACIÓN [http-nio-8084-exec-54] org.apache.catalina.core.ApplicationContext.log Manager: list: Listing contexts for virtual host 'localhost'
11-Dec-2020 10:30:04.467 INFORMACIÓN [http-nio-8084-exec-60] org.apache.catalina.core.ApplicationContext.log Manager: list: Listing contexts for virtual host 'localhost'
11-Dec-2020 10:31:05.179 INFORMACIÓN [http-nio-8084-exec-62] org.apache.catalina.core.ApplicationContext.log Manager: list: Listing contexts for virtual host 'localhost'
11-Dec-2020 10:32:45.586 INFORMACIÓN [http-nio-8084-exec-57] org.apache.catalina.core.ApplicationContext.log Manager: list: Listing contexts for virtual host 'localhost'
11-Dec-2020 10:35:25.582 INFORMACIÓN [http-nio-8084-exec-53] org.apache.catalina.core.ApplicationContext.log Manager: list: Listing contexts for virtual host 'localhost'
11-Dec-2020 10:35:27.079 INFORMACIÓN [http-nio-8084-exec-60] org.apache.catalina.core.ApplicationContext.log Manager: list: Listing contexts for virtual host 'localhost'
11-Dec-2020 10:38:22.932 INFORMACIÓN [http-nio-8084-exec-56] org.apache.catalina.core.ApplicationContext.log Manager: list: Listing contexts for virtual host 'localhost'
11-Dec-2020 10:38:24.973 INFORMACIÓN [http-nio-8084-exec-61] org.apache.catalina.core.ApplicationContext.log Manager: list: Listing contexts for virtual host 'localhost'
11-Dec-2020 10:42:53.509 INFORMACIÓN [http-nio-8084-exec-53] org.apache.catalina.core.ApplicationContext.log Manager: list: Listing contexts for virtual host 'localhost'
