15-Dec-2020 09:26:03.533 INFORMACIÓN [http-nio-8084-exec-4] org.apache.catalina.core.ApplicationContext.log Manager: init: Associated with Deployer 'Catalina:type=Deployer,host=localhost'
15-Dec-2020 09:26:03.534 INFORMACIÓN [http-nio-8084-exec-4] org.apache.catalina.core.ApplicationContext.log Manager: init: Global resources are available
15-Dec-2020 09:26:03.762 INFORMACIÓN [http-nio-8084-exec-8] org.apache.catalina.core.ApplicationContext.log Manager: list: Listing contexts for virtual host 'localhost'
15-Dec-2020 09:26:03.770 INFORMACIÓN [http-nio-8084-exec-9] org.apache.catalina.core.ApplicationContext.log Manager: list: Listing contexts for virtual host 'localhost'
15-Dec-2020 09:26:03.791 INFORMACIÓN [http-nio-8084-exec-10] org.apache.catalina.core.ApplicationContext.log Manager: install: Installing context configuration at 'file:/tmp/context4578026640311556334.xml'
15-Dec-2020 09:26:05.037 INFORMACIÓN [http-nio-8084-exec-1] org.apache.catalina.core.ApplicationContext.log Manager: start: Starting web application '/AgendaWebJPA'
15-Dec-2020 09:55:52.401 INFORMACIÓN [http-nio-8084-exec-3] org.apache.catalina.core.ApplicationContext.log Manager: list: Listing contexts for virtual host 'localhost'
15-Dec-2020 09:55:52.478 INFORMACIÓN [http-nio-8084-exec-2] org.apache.catalina.core.ApplicationContext.log Manager: restart: Reloading web application '/AgendaWebJPA'
15-Dec-2020 09:56:10.711 INFORMACIÓN [http-nio-8084-exec-4] org.apache.catalina.core.ApplicationContext.log Manager: list: Listing contexts for virtual host 'localhost'
15-Dec-2020 09:56:10.718 INFORMACIÓN [http-nio-8084-exec-11] org.apache.catalina.core.ApplicationContext.log Manager: list: Listing contexts for virtual host 'localhost'
15-Dec-2020 09:56:10.729 INFORMACIÓN [http-nio-8084-exec-6] org.apache.catalina.core.ApplicationContext.log Manager: undeploy: Undeploying web application at '/AgendaWebJPA'
15-Dec-2020 09:56:11.255 INFORMACIÓN [http-nio-8084-exec-9] org.apache.catalina.core.ApplicationContext.log Manager: install: Installing context configuration at 'file:/tmp/context1396004011758491199.xml'
15-Dec-2020 09:56:11.900 INFORMACIÓN [http-nio-8084-exec-8] org.apache.catalina.core.ApplicationContext.log Manager: start: Starting web application '/AgendaWebJPA'
15-Dec-2020 10:01:41.738 INFORMACIÓN [http-nio-8084-exec-20] org.apache.catalina.core.ApplicationContext.log Manager: list: Listing contexts for virtual host 'localhost'
15-Dec-2020 10:01:41.799 INFORMACIÓN [http-nio-8084-exec-21] org.apache.catalina.core.ApplicationContext.log Manager: restart: Reloading web application '/AgendaWebJPA'
15-Dec-2020 10:01:46.769 INFORMACIÓN [http-nio-8084-exec-24] org.apache.catalina.core.ApplicationContext.log Manager: list: Listing contexts for virtual host 'localhost'
15-Dec-2020 10:01:46.773 INFORMACIÓN [http-nio-8084-exec-22] org.apache.catalina.core.ApplicationContext.log Manager: list: Listing contexts for virtual host 'localhost'
15-Dec-2020 10:01:46.783 INFORMACIÓN [http-nio-8084-exec-16] org.apache.catalina.core.ApplicationContext.log Manager: undeploy: Undeploying web application at '/AgendaWebJPA'
15-Dec-2020 10:01:47.322 INFORMACIÓN [http-nio-8084-exec-19] org.apache.catalina.core.ApplicationContext.log Manager: install: Installing context configuration at 'file:/tmp/context17135566234137318679.xml'
15-Dec-2020 10:01:47.973 INFORMACIÓN [http-nio-8084-exec-17] org.apache.catalina.core.ApplicationContext.log Manager: start: Starting web application '/AgendaWebJPA'
15-Dec-2020 10:03:24.034 INFORMACIÓN [http-nio-8084-exec-28] org.apache.catalina.core.ApplicationContext.log Manager: list: Listing contexts for virtual host 'localhost'
15-Dec-2020 10:03:24.088 INFORMACIÓN [http-nio-8084-exec-29] org.apache.catalina.core.ApplicationContext.log Manager: restart: Reloading web application '/AgendaWebJPA'
15-Dec-2020 10:03:27.428 INFORMACIÓN [http-nio-8084-exec-28] org.apache.catalina.core.ApplicationContext.log Manager: list: Listing contexts for virtual host 'localhost'
15-Dec-2020 10:03:27.438 INFORMACIÓN [http-nio-8084-exec-26] org.apache.catalina.core.ApplicationContext.log Manager: undeploy: Undeploying web application at '/AgendaWebJPA'
15-Dec-2020 10:04:03.948 INFORMACIÓN [http-nio-8084-exec-27] org.apache.catalina.core.ApplicationContext.log Manager: list: Listing contexts for virtual host 'localhost'
15-Dec-2020 10:04:03.955 INFORMACIÓN [http-nio-8084-exec-34] org.apache.catalina.core.ApplicationContext.log Manager: list: Listing contexts for virtual host 'localhost'
15-Dec-2020 10:04:03.967 INFORMACIÓN [http-nio-8084-exec-13] org.apache.catalina.core.ApplicationContext.log Manager: install: Installing context configuration at 'file:/tmp/context15981844435862657189.xml'
15-Dec-2020 10:04:04.504 INFORMACIÓN [http-nio-8084-exec-35] org.apache.catalina.core.ApplicationContext.log Manager: start: Starting web application '/AgendaWebJPA'
15-Dec-2020 10:04:37.118 INFORMACIÓN [http-nio-8084-exec-25] org.apache.catalina.core.ApplicationContext.log Manager: list: Listing contexts for virtual host 'localhost'
15-Dec-2020 10:04:37.124 INFORMACIÓN [http-nio-8084-exec-26] org.apache.catalina.core.ApplicationContext.log Manager: list: Listing contexts for virtual host 'localhost'
15-Dec-2020 10:04:37.149 INFORMACIÓN [http-nio-8084-exec-25] org.apache.catalina.core.ApplicationContext.log Manager: undeploy: Undeploying web application at '/AgendaWebJPA'
15-Dec-2020 10:04:37.670 INFORMACIÓN [http-nio-8084-exec-38] org.apache.catalina.core.ApplicationContext.log Manager: install: Installing context configuration at 'file:/tmp/context12731905119799447176.xml'
15-Dec-2020 10:04:38.205 INFORMACIÓN [http-nio-8084-exec-26] org.apache.catalina.core.ApplicationContext.log Manager: start: Starting web application '/AgendaWebJPA'
15-Dec-2020 10:07:52.053 INFORMACIÓN [http-nio-8084-exec-40] org.apache.catalina.core.ApplicationContext.log Manager: list: Listing contexts for virtual host 'localhost'
15-Dec-2020 10:07:52.088 INFORMACIÓN [http-nio-8084-exec-41] org.apache.catalina.core.ApplicationContext.log Manager: restart: Reloading web application '/AgendaWebJPA'
15-Dec-2020 10:07:58.855 INFORMACIÓN [http-nio-8084-exec-46] org.apache.catalina.core.ApplicationContext.log Manager: list: Listing contexts for virtual host 'localhost'
15-Dec-2020 10:07:58.888 INFORMACIÓN [http-nio-8084-exec-43] org.apache.catalina.core.ApplicationContext.log Manager: restart: Reloading web application '/AgendaWebJPA'
15-Dec-2020 10:08:25.576 INFORMACIÓN [http-nio-8084-exec-50] org.apache.catalina.core.ApplicationContext.log Manager: list: Listing contexts for virtual host 'localhost'
15-Dec-2020 10:08:25.648 INFORMACIÓN [http-nio-8084-exec-45] org.apache.catalina.core.ApplicationContext.log Manager: restart: Reloading web application '/AgendaWebJPA'
15-Dec-2020 10:09:13.772 INFORMACIÓN [http-nio-8084-exec-50] org.apache.catalina.core.ApplicationContext.log Manager: list: Listing contexts for virtual host 'localhost'
15-Dec-2020 10:09:13.796 INFORMACIÓN [http-nio-8084-exec-53] org.apache.catalina.core.ApplicationContext.log Manager: restart: Reloading web application '/AgendaWebJPA'
15-Dec-2020 10:09:50.185 INFORMACIÓN [http-nio-8084-exec-42] org.apache.catalina.core.ApplicationContext.log Manager: list: Listing contexts for virtual host 'localhost'
15-Dec-2020 10:09:50.196 INFORMACIÓN [http-nio-8084-exec-44] org.apache.catalina.core.ApplicationContext.log Manager: undeploy: Undeploying web application at '/AgendaWebJPA'
15-Dec-2020 10:10:10.323 INFORMACIÓN [http-nio-8084-exec-45] org.apache.catalina.core.ApplicationContext.log Manager: list: Listing contexts for virtual host 'localhost'
15-Dec-2020 10:10:10.331 INFORMACIÓN [http-nio-8084-exec-50] org.apache.catalina.core.ApplicationContext.log Manager: list: Listing contexts for virtual host 'localhost'
15-Dec-2020 10:10:10.340 INFORMACIÓN [http-nio-8084-exec-52] org.apache.catalina.core.ApplicationContext.log Manager: install: Installing context configuration at 'file:/tmp/context3988820462881653703.xml'
15-Dec-2020 10:10:10.919 INFORMACIÓN [http-nio-8084-exec-44] org.apache.catalina.core.ApplicationContext.log Manager: start: Starting web application '/AgendaWebJPA'
15-Dec-2020 10:11:52.522 INFORMACIÓN [http-nio-8084-exec-57] org.apache.catalina.core.ApplicationContext.log Manager: list: Listing contexts for virtual host 'localhost'
15-Dec-2020 10:11:52.569 INFORMACIÓN [http-nio-8084-exec-58] org.apache.catalina.core.ApplicationContext.log Manager: restart: Reloading web application '/AgendaWebJPA'
15-Dec-2020 10:12:04.698 INFORMACIÓN [http-nio-8084-exec-44] org.apache.catalina.core.ApplicationContext.log Manager: list: Listing contexts for virtual host 'localhost'
15-Dec-2020 10:12:04.729 INFORMACIÓN [http-nio-8084-exec-61] org.apache.catalina.core.ApplicationContext.log Manager: restart: Reloading web application '/AgendaWebJPA'
15-Dec-2020 10:12:26.533 INFORMACIÓN [http-nio-8084-exec-59] org.apache.catalina.core.ApplicationContext.log Manager: list: Listing contexts for virtual host 'localhost'
15-Dec-2020 10:12:26.549 INFORMACIÓN [http-nio-8084-exec-62] org.apache.catalina.core.ApplicationContext.log Manager: restart: Reloading web application '/AgendaWebJPA'
15-Dec-2020 10:12:36.405 INFORMACIÓN [http-nio-8084-exec-44] org.apache.catalina.core.ApplicationContext.log Manager: list: Listing contexts for virtual host 'localhost'
15-Dec-2020 10:12:36.412 INFORMACIÓN [http-nio-8084-exec-57] org.apache.catalina.core.ApplicationContext.log Manager: undeploy: Undeploying web application at '/AgendaWebJPA'
15-Dec-2020 10:13:17.128 INFORMACIÓN [http-nio-8084-exec-61] org.apache.catalina.core.ApplicationContext.log Manager: list: Listing contexts for virtual host 'localhost'
15-Dec-2020 10:13:17.139 INFORMACIÓN [http-nio-8084-exec-52] org.apache.catalina.core.ApplicationContext.log Manager: list: Listing contexts for virtual host 'localhost'
15-Dec-2020 10:13:17.149 INFORMACIÓN [http-nio-8084-exec-57] org.apache.catalina.core.ApplicationContext.log Manager: install: Installing context configuration at 'file:/tmp/context4641647486671083448.xml'
15-Dec-2020 10:13:17.719 INFORMACIÓN [http-nio-8084-exec-65] org.apache.catalina.core.ApplicationContext.log Manager: start: Starting web application '/AgendaWebJPA'
15-Dec-2020 10:14:00.639 INFORMACIÓN [http-nio-8084-exec-57] org.apache.catalina.core.ApplicationContext.log Manager: list: Listing contexts for virtual host 'localhost'
15-Dec-2020 10:14:00.695 INFORMACIÓN [http-nio-8084-exec-52] org.apache.catalina.core.ApplicationContext.log Manager: restart: Reloading web application '/AgendaWebJPA'
15-Dec-2020 10:14:03.543 INFORMACIÓN [http-nio-8084-exec-65] org.apache.catalina.core.ApplicationContext.log Manager: list: Listing contexts for virtual host 'localhost'
15-Dec-2020 10:14:03.553 INFORMACIÓN [http-nio-8084-exec-63] org.apache.catalina.core.ApplicationContext.log Manager: undeploy: Undeploying web application at '/AgendaWebJPA'
15-Dec-2020 10:14:12.826 INFORMACIÓN [http-nio-8084-exec-68] org.apache.catalina.core.ApplicationContext.log Manager: list: Listing contexts for virtual host 'localhost'
15-Dec-2020 10:14:12.832 INFORMACIÓN [http-nio-8084-exec-67] org.apache.catalina.core.ApplicationContext.log Manager: list: Listing contexts for virtual host 'localhost'
15-Dec-2020 10:14:12.847 INFORMACIÓN [http-nio-8084-exec-71] org.apache.catalina.core.ApplicationContext.log Manager: install: Installing context configuration at 'file:/tmp/context3385176594622445179.xml'
15-Dec-2020 10:14:13.371 INFORMACIÓN [http-nio-8084-exec-63] org.apache.catalina.core.ApplicationContext.log Manager: start: Starting web application '/AgendaWebJPA'
15-Dec-2020 10:15:32.787 INFORMACIÓN [http-nio-8084-exec-76] org.apache.catalina.core.ApplicationContext.log Manager: list: Listing contexts for virtual host 'localhost'
15-Dec-2020 10:15:32.851 INFORMACIÓN [http-nio-8084-exec-73] org.apache.catalina.core.ApplicationContext.log Manager: restart: Reloading web application '/AgendaWebJPA'
15-Dec-2020 10:15:35.412 INFORMACIÓN [http-nio-8084-exec-63] org.apache.catalina.core.ApplicationContext.log Manager: list: Listing contexts for virtual host 'localhost'
15-Dec-2020 10:15:35.418 INFORMACIÓN [http-nio-8084-exec-76] org.apache.catalina.core.ApplicationContext.log Manager: undeploy: Undeploying web application at '/AgendaWebJPA'
15-Dec-2020 10:15:43.461 INFORMACIÓN [http-nio-8084-exec-76] org.apache.catalina.core.ApplicationContext.log Manager: list: Listing contexts for virtual host 'localhost'
15-Dec-2020 10:15:43.472 INFORMACIÓN [http-nio-8084-exec-74] org.apache.catalina.core.ApplicationContext.log Manager: list: Listing contexts for virtual host 'localhost'
15-Dec-2020 10:15:43.484 INFORMACIÓN [http-nio-8084-exec-69] org.apache.catalina.core.ApplicationContext.log Manager: install: Installing context configuration at 'file:/tmp/context16102026293417348964.xml'
15-Dec-2020 10:15:44.071 INFORMACIÓN [http-nio-8084-exec-77] org.apache.catalina.core.ApplicationContext.log Manager: start: Starting web application '/AgendaWebJPA'
15-Dec-2020 10:16:24.044 INFORMACIÓN [http-nio-8084-exec-83] org.apache.catalina.core.ApplicationContext.log Manager: list: Listing contexts for virtual host 'localhost'
15-Dec-2020 10:16:24.079 INFORMACIÓN [http-nio-8084-exec-78] org.apache.catalina.core.ApplicationContext.log Manager: restart: Reloading web application '/AgendaWebJPA'
15-Dec-2020 10:17:57.432 INFORMACIÓN [http-nio-8084-exec-79] org.apache.catalina.core.ApplicationContext.log Manager: list: Listing contexts for virtual host 'localhost'
15-Dec-2020 10:17:57.447 INFORMACIÓN [http-nio-8084-exec-83] org.apache.catalina.core.ApplicationContext.log Manager: restart: Reloading web application '/AgendaWebJPA'
15-Dec-2020 10:32:40.829 INFORMACIÓN [http-nio-8084-exec-88] org.apache.catalina.core.ApplicationContext.log Manager: list: Listing contexts for virtual host 'localhost'
15-Dec-2020 10:32:40.850 INFORMACIÓN [http-nio-8084-exec-89] org.apache.catalina.core.ApplicationContext.log Manager: restart: Reloading web application '/AgendaWebJPA'
15-Dec-2020 10:32:43.893 INFORMACIÓN [http-nio-8084-exec-88] org.apache.catalina.core.ApplicationContext.log Manager: list: Listing contexts for virtual host 'localhost'
15-Dec-2020 10:32:43.904 INFORMACIÓN [http-nio-8084-exec-87] org.apache.catalina.core.ApplicationContext.log Manager: undeploy: Undeploying web application at '/AgendaWebJPA'
15-Dec-2020 10:32:52.494 INFORMACIÓN [http-nio-8084-exec-95] org.apache.catalina.core.ApplicationContext.log Manager: list: Listing contexts for virtual host 'localhost'
15-Dec-2020 10:32:52.506 INFORMACIÓN [http-nio-8084-exec-90] org.apache.catalina.core.ApplicationContext.log Manager: list: Listing contexts for virtual host 'localhost'
15-Dec-2020 10:32:52.522 INFORMACIÓN [http-nio-8084-exec-92] org.apache.catalina.core.ApplicationContext.log Manager: install: Installing context configuration at 'file:/tmp/context5100127891057139214.xml'
15-Dec-2020 10:32:53.089 INFORMACIÓN [http-nio-8084-exec-87] org.apache.catalina.core.ApplicationContext.log Manager: start: Starting web application '/AgendaWebJPA'
15-Dec-2020 10:33:35.196 INFORMACIÓN [http-nio-8084-exec-87] org.apache.catalina.core.ApplicationContext.log Manager: list: Listing contexts for virtual host 'localhost'
15-Dec-2020 10:33:35.262 INFORMACIÓN [http-nio-8084-exec-92] org.apache.catalina.core.ApplicationContext.log Manager: restart: Reloading web application '/AgendaWebJPA'
15-Dec-2020 10:35:18.565 INFORMACIÓN [http-nio-8084-exec-102] org.apache.catalina.core.ApplicationContext.log Manager: list: Listing contexts for virtual host 'localhost'
15-Dec-2020 10:35:21.282 INFORMACIÓN [http-nio-8084-exec-91] org.apache.catalina.core.ApplicationContext.log Manager: list: Listing contexts for virtual host 'localhost'
15-Dec-2020 10:35:21.307 INFORMACIÓN [http-nio-8084-exec-90] org.apache.catalina.core.ApplicationContext.log Manager: restart: Reloading web application '/AgendaWebJPA'
15-Dec-2020 10:35:26.543 INFORMACIÓN [http-nio-8084-exec-103] org.apache.catalina.core.ApplicationContext.log Manager: list: Listing contexts for virtual host 'localhost'
15-Dec-2020 10:35:26.549 INFORMACIÓN [http-nio-8084-exec-92] org.apache.catalina.core.ApplicationContext.log Manager: undeploy: Undeploying web application at '/AgendaWebJPA'
15-Dec-2020 10:35:34.412 INFORMACIÓN [http-nio-8084-exec-91] org.apache.catalina.core.ApplicationContext.log Manager: list: Listing contexts for virtual host 'localhost'
15-Dec-2020 10:35:34.425 INFORMACIÓN [http-nio-8084-exec-104] org.apache.catalina.core.ApplicationContext.log Manager: list: Listing contexts for virtual host 'localhost'
15-Dec-2020 10:35:34.435 INFORMACIÓN [http-nio-8084-exec-106] org.apache.catalina.core.ApplicationContext.log Manager: install: Installing context configuration at 'file:/tmp/context16250200519074467656.xml'
15-Dec-2020 10:35:34.962 INFORMACIÓN [http-nio-8084-exec-92] org.apache.catalina.core.ApplicationContext.log Manager: start: Starting web application '/AgendaWebJPA'
15-Dec-2020 10:36:26.556 INFORMACIÓN [http-nio-8084-exec-107] org.apache.catalina.core.ApplicationContext.log Manager: list: Listing contexts for virtual host 'localhost'
15-Dec-2020 10:36:30.880 INFORMACIÓN [http-nio-8084-exec-111] org.apache.catalina.core.ApplicationContext.log Manager: list: Listing contexts for virtual host 'localhost'
15-Dec-2020 10:36:30.892 INFORMACIÓN [http-nio-8084-exec-110] org.apache.catalina.core.ApplicationContext.log Manager: undeploy: Undeploying web application at '/AgendaWebJPA'
15-Dec-2020 10:36:38.537 INFORMACIÓN [http-nio-8084-exec-116] org.apache.catalina.core.ApplicationContext.log Manager: list: Listing contexts for virtual host 'localhost'
15-Dec-2020 10:36:38.541 INFORMACIÓN [http-nio-8084-exec-115] org.apache.catalina.core.ApplicationContext.log Manager: list: Listing contexts for virtual host 'localhost'
15-Dec-2020 10:36:38.550 INFORMACIÓN [http-nio-8084-exec-104] org.apache.catalina.core.ApplicationContext.log Manager: install: Installing context configuration at 'file:/tmp/context13293864267269657174.xml'
15-Dec-2020 10:36:39.094 INFORMACIÓN [http-nio-8084-exec-110] org.apache.catalina.core.ApplicationContext.log Manager: start: Starting web application '/AgendaWebJPA'
15-Dec-2020 10:38:52.462 INFORMACIÓN [http-nio-8084-exec-118] org.apache.catalina.core.ApplicationContext.log Manager: list: Listing contexts for virtual host 'localhost'
15-Dec-2020 10:38:52.510 INFORMACIÓN [http-nio-8084-exec-119] org.apache.catalina.core.ApplicationContext.log Manager: restart: Reloading web application '/AgendaWebJPA'
15-Dec-2020 10:38:57.321 INFORMACIÓN [http-nio-8084-exec-125] org.apache.catalina.core.ApplicationContext.log Manager: list: Listing contexts for virtual host 'localhost'
15-Dec-2020 10:38:57.328 INFORMACIÓN [http-nio-8084-exec-120] org.apache.catalina.core.ApplicationContext.log Manager: undeploy: Undeploying web application at '/AgendaWebJPA'
15-Dec-2020 10:39:08.267 INFORMACIÓN [http-nio-8084-exec-120] org.apache.catalina.core.ApplicationContext.log Manager: list: Listing contexts for virtual host 'localhost'
15-Dec-2020 10:39:08.272 INFORMACIÓN [http-nio-8084-exec-116] org.apache.catalina.core.ApplicationContext.log Manager: list: Listing contexts for virtual host 'localhost'
15-Dec-2020 10:39:08.280 INFORMACIÓN [http-nio-8084-exec-117] org.apache.catalina.core.ApplicationContext.log Manager: install: Installing context configuration at 'file:/tmp/context13235464364545354387.xml'
15-Dec-2020 10:39:08.764 INFORMACIÓN [http-nio-8084-exec-127] org.apache.catalina.core.ApplicationContext.log Manager: start: Starting web application '/AgendaWebJPA'
15-Dec-2020 10:58:05.859 INFORMACIÓN [http-nio-8084-exec-131] org.apache.catalina.core.ApplicationContext.log Manager: list: Listing contexts for virtual host 'localhost'
15-Dec-2020 10:58:05.904 INFORMACIÓN [http-nio-8084-exec-130] org.apache.catalina.core.ApplicationContext.log Manager: restart: Reloading web application '/AgendaWebJPA'
15-Dec-2020 10:58:11.673 INFORMACIÓN [http-nio-8084-exec-134] org.apache.catalina.core.ApplicationContext.log Manager: list: Listing contexts for virtual host 'localhost'
15-Dec-2020 10:58:11.686 INFORMACIÓN [http-nio-8084-exec-136] org.apache.catalina.core.ApplicationContext.log Manager: restart: Reloading web application '/AgendaWebJPA'
15-Dec-2020 10:58:17.956 INFORMACIÓN [http-nio-8084-exec-138] org.apache.catalina.core.ApplicationContext.log Manager: list: Listing contexts for virtual host 'localhost'
15-Dec-2020 10:58:17.988 INFORMACIÓN [http-nio-8084-exec-135] org.apache.catalina.core.ApplicationContext.log Manager: restart: Reloading web application '/AgendaWebJPA'
15-Dec-2020 10:58:42.570 INFORMACIÓN [http-nio-8084-exec-131] org.apache.catalina.core.ApplicationContext.log Manager: list: Listing contexts for virtual host 'localhost'
15-Dec-2020 10:58:42.586 INFORMACIÓN [http-nio-8084-exec-134] org.apache.catalina.core.ApplicationContext.log Manager: restart: Reloading web application '/AgendaWebJPA'
15-Dec-2020 10:59:09.501 INFORMACIÓN [http-nio-8084-exec-140] org.apache.catalina.core.ApplicationContext.log Manager: list: Listing contexts for virtual host 'localhost'
15-Dec-2020 10:59:09.515 INFORMACIÓN [http-nio-8084-exec-135] org.apache.catalina.core.ApplicationContext.log Manager: restart: Reloading web application '/AgendaWebJPA'
15-Dec-2020 10:59:13.134 INFORMACIÓN [http-nio-8084-exec-131] org.apache.catalina.core.ApplicationContext.log Manager: list: Listing contexts for virtual host 'localhost'
15-Dec-2020 10:59:13.140 INFORMACIÓN [http-nio-8084-exec-141] org.apache.catalina.core.ApplicationContext.log Manager: undeploy: Undeploying web application at '/AgendaWebJPA'
15-Dec-2020 10:59:23.188 INFORMACIÓN [http-nio-8084-exec-135] org.apache.catalina.core.ApplicationContext.log Manager: list: Listing contexts for virtual host 'localhost'
15-Dec-2020 10:59:23.195 INFORMACIÓN [http-nio-8084-exec-144] org.apache.catalina.core.ApplicationContext.log Manager: list: Listing contexts for virtual host 'localhost'
15-Dec-2020 10:59:23.205 INFORMACIÓN [http-nio-8084-exec-136] org.apache.catalina.core.ApplicationContext.log Manager: install: Installing context configuration at 'file:/tmp/context2615210624531114526.xml'
15-Dec-2020 10:59:23.729 INFORMACIÓN [http-nio-8084-exec-141] org.apache.catalina.core.ApplicationContext.log Manager: start: Starting web application '/AgendaWebJPA'
15-Dec-2020 11:11:28.171 INFORMACIÓN [http-nio-8084-exec-147] org.apache.catalina.core.ApplicationContext.log Manager: list: Listing contexts for virtual host 'localhost'
15-Dec-2020 11:11:28.193 INFORMACIÓN [http-nio-8084-exec-148] org.apache.catalina.core.ApplicationContext.log Manager: restart: Reloading web application '/AgendaWebJPA'
15-Dec-2020 11:11:29.154 INFORMACIÓN [http-nio-8084-exec-152] org.apache.catalina.core.ApplicationContext.log Manager: list: Listing contexts for virtual host 'localhost'
15-Dec-2020 11:11:29.162 INFORMACIÓN [http-nio-8084-exec-149] org.apache.catalina.core.ApplicationContext.log Manager: restart: Reloading web application '/AgendaWebJPA'
